10 3
6000 0 0 25726 1200 17.97
6000 0 1 70 3000 17.97
6000 0 2 43 6000 17.97
6000 1 0 571 1200 16.77
6000 1 1 520 3000 17.01
6000 1 2 127 6000 17.06
6000 2 0 1369 1200 15.98
6000 2 1 838 3000 16.26
6000 2 2 139 6000 16.29
6000 3 0 1555 1200 15.19
6000 3 1 1884 3000 15.76
6000 3 2 195 6000 15.81
6000 4 0 2503 1200 14.49
6000 4 1 2253 3000 15.15
6000 4 2 275 6000 15.22
6000 5 0 2411 1200 14.52
6000 5 1 2997 3000 15.40
6000 5 2 241 6000 15.46
6000 6 0 4964 1200 14.22
6000 6 1 2727 3000 15.32
6000 6 2 197 6000 15.42
6000 7 0 6655 1200 14.59
6000 7 1 3718 3000 15.43
6000 7 2 217 6000 15.46
6000 8 0 2007 1200 13.81
6000 8 1 7852 3000 15.50
6000 8 2 166 6000 15.52
6000 9 0 4363 1200 14.00
6000 9 1 6544 3000 15.88
6000 9 2 244 6000 15.91
6000 10 0 2683 1200 13.95
6000 10 1 8311 3000 16.11
6000 10 2 301 6000 16.16
6000 11 0 4108 1200 14.60
6000 11 1 4108 3000 16.39
6000 11 2 850 6000 16.53
6000 12 0 3996 1200 14.57
6000 12 1 6880 3000 16.41
6000 12 2 4531 6000 17.06
6000 13 0 4189 1200 15.02
6000 13 1 6765 3000 17.06
6000 13 2 3114 6000 17.71
6000 14 0 6979 1200 15.15
6000 14 1 11257 3000 17.45
6000 14 2 1050 6000 17.69
6000 15 0 2761 1200 15.15
6000 15 1 5097 3000 17.51
6000 15 2 10579 6000 18.85
6000 16 0 4564 1200 15.02
6000 16 1 12034 3000 17.48
6000 16 2 11701 6000 18.90
6000 17 0 5388 1200 15.35
6000 17 1 5430 3000 17.54
6000 17 2 12424 6000 19.49
6000 18 0 3134 1200 15.35
6000 18 1 6535 3000 17.70
6000 18 2 11988 6000 19.88
6000 19 0 11059 1200 15.56
6000 19 1 10748 3000 17.82
6000 19 2 22138 6000 20.43
6000 20 0 6419 1200 15.11
6000 20 1 12554 3000 18.08
6000 20 2 23400 6000 21.12
6000 21 0 3769 1200 15.28
6000 21 1 7053 3000 17.98
6000 21 2 11144 6000 20.89
6000 22 0 3339 1200 15.14
6000 22 1 8323 3000 17.95
6000 22 2 14439 6000 20.86
6000 23 0 3544 1200 15.26
6000 23 1 6600 3000 17.92
6000 23 2 13779 6000 20.78
6000 24 0 6621 1200 14.52
6000 24 1 12184 3000 16.97
6000 24 2 30914 6000 21.17
6000 25 0 2451 1200 14.79
6000 25 1 4336 3000 17.32
6000 25 2 8511 6000 21.20
6000 26 0 5013 1200 14.98
6000 26 1 7999 3000 17.49
6000 26 2 14758 6000 21.00
6000 27 0 10339 1200 14.79
6000 27 1 12033 3000 17.49
6000 27 2 22527 6000 20.82
6000 28 0 2254 1200 14.03
6000 28 1 9941 3000 16.99
6000 28 2 21299 6000 20.69
6000 29 0 4773 1200 14.57
6000 29 1 6256 3000 17.10
6000 29 2 14317 6000 20.77
6000 30 0 3981 1200 14.31
6000 30 1 8175 3000 16.52
6000 30 2 27463 6000 20.74
6000 31 0 5614 1200 14.34
6000 31 1 6939 3000 16.59
6000 31 2 14071 6000 20.61
6000 32 0 3676 1200 13.95
6000 32 1 9005 3000 16.30
6000 32 2 26109 6000 20.45
6000 33 0 4710 1200 14.58
6000 33 1 6037 3000 16.63
6000 33 2 14608 6000 20.45
6000 34 0 8383 1200 14.36
6000 34 1 10550 3000 16.63
6000 34 2 22545 6000 20.19
6000 35 0 2532 1200 14.26
6000 35 1 5935 3000 16.71
6000 35 2 9777 6000 20.08
6000 36 0 5040 1200 14.31
6000 36 1 9718 3000 16.67
6000 36 2 19647 6000 20.02
6000 37 0 3304 1200 14.63
6000 37 1 4870 3000 16.92
6000 37 2 8968 6000 20.12
6000 38 0 7027 1200 14.59
6000 38 1 8491 3000 16.79
6000 38 2 16744 6000 19.94
6000 39 0 4735 1200 14.46
6000 39 1 7987 3000 16.89
6000 39 2 11896 6000 19.78
6000 40 0 3296 1200 13.75
6000 40 1 10297 3000 16.24
6000 40 2 25422 6000 19.90
6000 41 0 4222 1200 14.03
6000 41 1 3989 3000 16.26
6000 41 2 7462 6000 19.80
6000 42 0 4373 1200 14.11
6000 42 1 6916 3000 16.41
6000 42 2 11444 6000 19.69
6000 43 0 3835 1200 14.40
6000 43 1 6063 3000 16.73
6000 43 2 9274 6000 19.71
6000 44 0 6203 1200 14.69
6000 44 1 10092 3000 17.08
6000 44 2 16912 6000 19.95
6000 45 0 3827 1200 14.72
6000 45 1 5467 3000 17.06
6000 45 2 8485 6000 19.83
6000 46 0 5908 1200 14.71
6000 46 1 10782 3000 17.11
6000 46 2 22685 6000 20.28
6000 47 0 6080 1200 14.84
6000 47 1 7357 3000 17.24
6000 47 2 11158 6000 20.15
6000 48 0 5284 1200 14.27
6000 48 1 11190 3000 16.64
6000 48 2 22909 6000 19.89
6000 49 0 3997 1200 14.45
6000 49 1 5235 3000 16.69
6000 49 2 8872 6000 19.75
6000 50 0 4204 1200 14.66
6000 50 1 7637 3000 17.01
6000 50 2 10503 6000 19.74
6000 51 0 4925 1200 14.78
6000 51 1 6765 3000 17.07
6000 51 2 10137 6000 19.72
6000 52 0 7249 1200 14.35
6000 52 1 12337 3000 17.03
6000 52 2 17687 6000 19.73
6000 53 0 3771 1200 14.25
6000 53 1 7151 3000 17.06
6000 53 2 10634 6000 19.71
6000 54 0 6728 1200 14.07
6000 54 1 9787 3000 16.76
6000 54 2 15656 6000 19.65
6000 55 0 2704 1200 14.03
6000 55 1 4619 3000 16.67
6000 55 2 8312 6000 19.57
6000 56 0 4907 1200 13.86
6000 56 1 9406 3000 16.24
6000 56 2 23871 6000 19.77
6000 57 0 3049 1200 14.15
6000 57 1 4270 3000 16.47
6000 57 2 6306 6000 19.77
6000 58 0 5080 1200 14.50
6000 58 1 4660 3000 16.48
6000 58 2 10773 6000 19.74
6000 59 0 5756 1200 14.71
6000 59 1 8783 3000 17.13
6000 59 2 11284 6000 19.77
6000 60 0 8224 1200 14.66
6000 60 1 11650 3000 17.32
6000 60 2 17350 6000 19.93
6000 61 0 6147 1200 14.48
6000 61 1 8505 3000 17.06
6000 61 2 14884 6000 19.77
6000 62 0 5137 1200 14.13
6000 62 1 9508 3000 16.86
6000 62 2 14273 6000 19.51
6000 63 0 3070 1200 14.34
6000 63 1 5331 3000 17.01
6000 63 2 8642 6000 19.62
6000 64 0 5142 1200 14.43
6000 64 1 7327 3000 16.48
6000 64 2 18193 6000 19.58
6000 65 0 4447 1200 14.41
6000 65 1 6854 3000 16.69
6000 65 2 9180 6000 19.46
6000 66 0 4096 1200 14.09
6000 66 1 9240 3000 16.50
6000 66 2 18079 6000 19.49
6000 67 0 3464 1200 14.35
6000 67 1 4754 3000 16.70
6000 67 2 7261 6000 19.54
6000 68 0 5640 1200 14.55
6000 68 1 7295 3000 16.66
6000 68 2 14121 6000 19.45
6000 69 0 5489 1200 14.50
6000 69 1 8094 3000 16.91
6000 69 2 11062 6000 19.40
6000 70 0 4461 1200 14.27
6000 70 1 9873 3000 17.03
6000 70 2 13315 6000 19.48
6000 71 0 3569 1200 14.50
6000 71 1 5250 3000 17.09
6000 71 2 9543 6000 19.59
6000 72 0 5653 1200 14.19
6000 72 1 11144 3000 16.59
6000 72 2 25754 6000 20.02
6000 73 0 5191 1200 14.28
6000 73 1 5809 3000 16.59
6000 73 2 10160 6000 19.86
6000 74 0 6075 1200 14.54
6000 74 1 8050 3000 16.83
6000 74 2 11944 6000 19.71
6000 75 0 3904 1200 14.50
6000 75 1 6669 3000 16.94
6000 75 2 8996 6000 19.60
6000 76 0 6557 1200 13.93
6000 76 1 12081 3000 16.52
6000 76 2 22529 6000 19.62
6000 77 0 2879 1200 14.03
6000 77 1 3957 3000 16.57
6000 77 2 6398 6000 19.54
6000 78 0 4254 1200 14.33
6000 78 1 7443 3000 16.89
6000 78 2 11528 6000 19.68
6000 79 0 7593 1200 14.55
6000 79 1 8649 3000 16.87
6000 79 2 14821 6000 19.50
6000 80 0 3298 1200 13.86
6000 80 1 10506 3000 16.48
6000 80 2 20193 6000 19.39
6000 81 0 4305 1200 14.19
6000 81 1 4197 3000 16.49
6000 81 2 8565 6000 19.44
6000 82 0 5956 1200 14.23
6000 82 1 8507 3000 16.65
6000 82 2 12461 6000 19.33
6000 83 0 3501 1200 14.18
6000 83 1 5914 3000 16.76
6000 83 2 7693 6000 19.28
6000 84 0 7470 1200 14.16
6000 84 1 13558 3000 17.00
6000 84 2 19427 6000 19.62
6000 85 0 2875 1200 14.24
6000 85 1 4944 3000 17.02
6000 85 2 7077 6000 19.54
6000 86 0 5086 1200 14.00
6000 86 1 8950 3000 16.33
6000 86 2 24302 6000 19.73
6000 87 0 4378 1200 14.31
6000 87 1 4925 3000 16.56
6000 87 2 7711 6000 19.72
6000 88 0 8893 1200 14.67
6000 88 1 8497 3000 16.61
6000 88 2 16380 6000 19.31
6000 89 0 9816 1200 14.25
6000 89 1 11837 3000 16.73
6000 89 2 15380 6000 19.04
6000 90 0 3925 1200 14.21
6000 90 1 8705 3000 16.97
6000 90 2 9253 6000 19.06
6000 91 0 4787 1200 14.19
6000 91 1 8378 3000 16.84
6000 91 2 11181 6000 19.10
6000 92 0 4634 1200 14.11
6000 92 1 8215 3000 16.60
6000 92 2 14724 6000 19.28
6000 93 0 2630 1200 14.18
6000 93 1 4574 3000 16.70
6000 93 2 6569 6000 19.23
6000 94 0 8093 1200 14.12
6000 94 1 10744 3000 16.68
6000 94 2 15377 6000 19.15
6000 95 0 2444 1200 14.16
6000 95 1 5611 3000 16.83
6000 95 2 8395 6000 19.27
6000 96 0 6138 1200 13.34
6000 96 1 10746 3000 15.59
6000 96 2 30471 6000 19.93
6000 97 0 2693 1200 13.55
6000 97 1 3792 3000 15.86
6000 97 2 5646 6000 19.85
6000 98 0 3472 1200 13.58
6000 98 1 5566 3000 15.89
6000 98 2 9441 6000 19.62
6000 99 0 5853 1200 14.25
6000 99 1 6880 3000 16.44
6000 99 2 9684 6000 19.67
6000 100 0 17342 1200 15.21
6000 100 1 8714 3000 16.46
6000 100 2 24115 6000 19.40
6000 101 0 1858 1200 14.98
6000 101 1 4841 3000 16.66
6000 101 2 5453 6000 19.33
6000 102 0 4271 1200 14.72
6000 102 1 9219 3000 17.03
6000 102 2 11891 6000 19.53
6000 103 0 5398 1200 14.52
6000 103 1 9820 3000 16.88
6000 103 2 14060 6000 19.38
6000 104 0 5584 1200 14.24
6000 104 1 8570 3000 16.22
6000 104 2 23004 6000 19.52
6000 105 0 2702 1200 14.25
6000 105 1 4177 3000 16.31
6000 105 2 5159 6000 19.33
6000 106 0 4099 1200 14.07
6000 106 1 7752 3000 16.08
6000 106 2 19820 6000 19.40
6000 107 0 4380 1200 14.34
6000 107 1 4132 3000 16.18
6000 107 2 6017 6000 19.26
6000 108 0 6353 1200 14.15
6000 108 1 15097 3000 16.97
6000 108 2 14281 6000 19.08
6000 109 0 3929 1200 14.21
6000 109 1 4683 3000 16.78
6000 109 2 8318 6000 19.02
6000 110 0 4891 1200 14.40
6000 110 1 7170 3000 16.80
6000 110 2 12993 6000 19.16
6000 111 0 2826 1200 14.58
6000 111 1 4071 3000 16.91
6000 111 2 6740 6000 19.29
6000 112 0 7925 1200 14.57
6000 112 1 13285 3000 16.99
6000 112 2 24378 6000 19.79
6000 113 0 2646 1200 14.56
6000 113 1 4251 3000 17.01
6000 113 2 5836 6000 19.65
6000 114 0 5459 1200 14.83
6000 114 1 7218 3000 17.08
6000 114 2 11690 6000 19.66
6000 115 0 4870 1200 14.96
6000 115 1 6177 3000 17.20
6000 115 2 10232 6000 19.67
6000 116 0 7689 1200 14.99
6000 116 1 9684 3000 17.25
6000 116 2 19484 6000 20.07
6000 117 0 5823 1200 14.61
6000 117 1 9308 3000 17.36
6000 117 2 11328 6000 19.82
6000 118 0 3524 1200 14.21
6000 118 1 8251 3000 17.22
6000 118 2 11772 6000 19.76
6000 119 0 4663 1200 14.46
6000 119 1 6613 3000 16.78
6000 119 2 13481 6000 19.44
6000 120 0 9264 1200 13.23
6000 120 1 14504 3000 15.89
6000 120 2 26966 6000 19.71
6000 121 0 1292 1200 13.30
6000 121 1 2413 3000 16.08
6000 121 2 2787 6000 19.66
6000 122 0 3031 1200 13.55
6000 122 1 7821 3000 16.17
6000 122 2 17059 6000 19.75
6000 123 0 4968 1200 14.15
6000 123 1 3859 3000 16.26
6000 123 2 6032 6000 19.63
6000 124 0 5093 1200 14.22
6000 124 1 12259 3000 17.02
6000 124 2 10241 6000 19.44
6000 125 0 5391 1200 14.60
6000 125 1 5142 3000 16.78
6000 125 2 16150 6000 19.80
6000 126 0 5078 1200 14.44
6000 126 1 8814 3000 16.97
6000 126 2 12940 6000 19.64
6000 127 0 3442 1200 14.40
6000 127 1 5403 3000 16.96
6000 127 2 8001 6000 19.56
6000 128 0 5349 1200 14.06
6000 128 1 12464 3000 16.41
6000 128 2 30982 6000 19.92
6000 129 0 2305 1200 14.31
6000 129 1 2289 3000 16.58
6000 129 2 3158 6000 19.95
6000 130 0 7980 1200 14.71
6000 130 1 8038 3000 16.85
6000 130 2 16208 6000 19.97
6000 131 0 6911 1200 14.63
6000 131 1 8646 3000 16.91
6000 131 2 14573 6000 19.75
6000 132 0 4273 1200 13.76
6000 132 1 14734 3000 17.05
6000 132 2 14396 6000 19.34
6000 133 0 1893 1200 13.89
6000 133 1 2957 3000 17.05
6000 133 2 4122 6000 19.33
6000 134 0 9191 1200 14.59
6000 134 1 10156 3000 16.67
6000 134 2 19397 6000 19.37
6000 135 0 3711 1200 14.48
6000 135 1 7033 3000 16.79
6000 135 2 8507 6000 19.23
6000 136 0 4310 1200 13.99
6000 136 1 9730 3000 16.24
6000 136 2 19837 6000 19.13
6000 137 0 2344 1200 14.18
6000 137 1 3329 3000 16.37
6000 137 2 4962 6000 19.15
6000 138 0 6590 1200 14.72
6000 138 1 4479 3000 16.36
6000 138 2 10449 6000 19.15
6000 139 0 2656 1200 14.78
6000 139 1 7905 3000 16.99
6000 139 2 7315 6000 19.23
6000 140 0 6654 1200 14.87
6000 140 1 12088 3000 17.13
6000 140 2 23079 6000 19.98
6000 141 0 2753 1200 14.98
6000 141 1 3058 3000 17.14
6000 141 2 5054 6000 19.94
6000 142 0 6136 1200 15.03
6000 142 1 7761 3000 17.25
6000 142 2 13414 6000 19.86
6000 143 0 3371 1200 14.97
6000 143 1 5550 3000 17.29
6000 143 2 8138 6000 19.76
6000 144 0 5803 1200 14.98
6000 144 1 13930 3000 17.61
6000 144 2 19558 6000 20.04
6000 145 0 6932 1200 15.29
6000 145 1 5698 3000 17.41
6000 145 2 11259 6000 19.92
6000 146 0 6481 1200 14.75
6000 146 1 9901 3000 17.26
6000 146 2 14858 6000 19.69
6000 147 0 3462 1200 14.87
6000 147 1 5865 3000 17.39
6000 147 2 8147 6000 19.71
6000 148 0 4022 1200 14.65
6000 148 1 7773 3000 17.01
6000 148 2 13876 6000 19.71
6000 149 0 5180 1200 14.83
6000 149 1 5520 3000 17.00
6000 149 2 9827 6000 19.61
6000 150 0 5739 1200 14.24
6000 150 1 10056 3000 16.53
6000 150 2 23641 6000 19.89
6000 151 0 2500 1200 14.32
6000 151 1 4188 3000 16.62
6000 151 2 5249 6000 19.72
6000 152 0 3533 1200 14.49
6000 152 1 7532 3000 16.60
6000 152 2 18234 6000 19.79
6000 153 0 5923 1200 15.13
6000 153 1 3332 3000 16.63
6000 153 2 7821 6000 19.50
6000 154 0 5928 1200 14.91
6000 154 1 12671 3000 17.45
6000 154 2 7215 6000 19.16
6000 155 0 4261 1200 15.13
6000 155 1 5104 3000 17.38
6000 155 2 12288 6000 19.62
6000 156 0 4512 1200 14.93
6000 156 1 10455 3000 17.47
6000 156 2 15272 6000 19.76
6000 157 0 3651 1200 15.24
6000 157 1 3848 3000 17.52
6000 157 2 6930 6000 19.80
6000 158 0 6848 1200 15.59
6000 158 1 5535 3000 17.43
6000 158 2 12358 6000 19.81
6000 159 0 7246 1200 15.34
6000 159 1 9331 3000 17.69
6000 159 2 11146 6000 19.68
6000 160 0 5587 1200 14.80
6000 160 1 12710 3000 17.52
6000 160 2 21362 6000 20.25
6000 161 0 3371 1200 14.85
6000 161 1 5426 3000 17.46
6000 161 2 6433 6000 19.97
6000 162 0 3434 1200 14.92
6000 162 1 6128 3000 17.37
6000 162 2 11447 6000 19.95
6000 163 0 5449 1200 15.15
6000 163 1 6043 3000 17.40
6000 163 2 11433 6000 19.91
6000 164 0 6818 1200 14.73
6000 164 1 11800 3000 17.34
6000 164 2 18015 6000 19.84
6000 165 0 5132 1200 14.77
6000 165 1 6741 3000 17.11
6000 165 2 11057 6000 19.52
6000 166 0 3105 1200 14.59
6000 166 1 6940 3000 17.10
6000 166 2 10204 6000 19.49
6000 167 0 7857 1200 14.66
6000 167 1 6206 3000 16.88
6000 167 2 13694 6000 19.45
6000 168 0 3244 1200 13.37
6000 168 1 12924 3000 15.88
6000 168 2 26431 6000 19.60
6000 169 0 3530 1200 13.81
6000 169 1 3685 3000 16.19
6000 169 2 4337 6000 19.43
6000 170 0 9116 1200 13.88
6000 170 1 10114 3000 15.94
6000 170 2 22311 6000 19.34
6000 171 0 2542 1200 13.95
6000 171 1 3890 3000 16.14
6000 171 2 4257 6000 19.15
6000 172 0 4380 1200 14.01
6000 172 1 8007 3000 16.25
6000 172 2 12292 6000 19.16
6000 173 0 8397 1200 14.73
6000 173 1 5405 3000 16.55
6000 173 2 11341 6000 19.23
6000 174 0 7937 1200 14.15
6000 174 1 12043 3000 17.43
6000 174 2 10220 6000 19.48
6000 175 0 6927 1200 13.95
6000 175 1 11187 3000 16.97
6000 175 2 15385 6000 19.40
6000 176 0 2677 1200 13.49
6000 176 1 6641 3000 15.83
6000 176 2 21201 6000 19.49
6000 177 0 4316 1200 13.62
6000 177 1 6213 3000 15.93
6000 177 2 7690 6000 19.15
6000 178 0 3469 1200 13.84
6000 178 1 6678 3000 16.10
6000 178 2 9773 6000 19.08
6000 179 0 4932 1200 13.96
6000 179 1 6307 3000 16.12
6000 179 2 9648 6000 18.97
6000 180 0 8090 1200 13.54
6000 180 1 12688 3000 15.96
6000 180 2 20826 6000 19.02
6000 181 0 1844 1200 13.54
6000 181 1 2656 3000 15.85
6000 181 2 5913 6000 18.99
6000 182 0 4672 1200 13.56
6000 182 1 8158 3000 15.79
6000 182 2 20232 6000 19.10
6000 183 0 4045 1200 13.77
6000 183 1 4902 3000 15.93
6000 183 2 5610 6000 18.89
6000 184 0 5548 1200 13.92
6000 184 1 9527 3000 16.14
6000 184 2 16431 6000 18.84
6000 185 0 4884 1200 14.04
6000 185 1 5986 3000 16.20
6000 185 2 8020 6000 18.69
6000 186 0 4695 1200 13.91
6000 186 1 8990 3000 16.41
6000 186 2 10851 6000 18.73
6000 187 0 5281 1200 14.28
6000 187 1 6254 3000 16.57
6000 187 2 10006 6000 19.02
6000 188 0 5509 1200 14.20
6000 188 1 8059 3000 16.36
6000 188 2 15505 6000 19.11
6000 189 0 5399 1200 13.95
6000 189 1 8392 3000 16.39
6000 189 2 11400 6000 18.90
6000 190 0 4381 1200 13.79
6000 190 1 7557 3000 16.17
6000 190 2 12919 6000 18.83
6000 191 0 3735 1200 13.91
6000 191 1 5634 3000 16.22
6000 191 2 9169 6000 18.85
6000 192 0 6110 1200 13.24
6000 192 1 10144 3000 15.34
6000 192 2 24277 6000 19.00
6000 193 0 3778 1200 13.40
6000 193 1 5404 3000 15.54
6000 193 2 7966 6000 18.86
6000 194 0 4337 1200 13.73
6000 194 1 6187 3000 15.82
6000 194 2 8489 6000 18.64
6000 195 0 6299 1200 14.05
6000 195 1 7316 3000 16.10
6000 195 2 9898 6000 18.71
6000 196 0 4071 1200 13.79
6000 196 1 8546 3000 16.07
6000 196 2 13388 6000 18.73
6000 197 0 4369 1200 13.95
6000 197 1 6175 3000 16.13
6000 197 2 8791 6000 18.66
6000 198 0 4739 1200 14.12
6000 198 1 7327 3000 16.27
6000 198 2 11102 6000 18.74
6000 199 0 5754 1200 14.11
6000 199 1 7661 3000 16.34
6000 199 2 11549 6000 18.82
6000 200 0 14683 1200 15.85
6000 200 1 1361 3000 16.04
6000 200 2 19476 6000 19.23
6000 201 0 6089 1200 15.39
6000 201 1 10750 3000 18.05
6000 201 2 1138 6000 18.65
6000 202 0 8771 1200 14.35
6000 202 1 18044 3000 17.90
6000 202 2 5637 6000 18.58
6000 203 0 2960 1200 14.14
6000 203 1 6013 3000 17.75
6000 203 2 7585 6000 19.01
6000 204 0 4757 1200 13.89
6000 204 1 8711 3000 16.57
6000 204 2 25510 6000 20.30
6000 205 0 5063 1200 13.92
6000 205 1 7327 3000 16.37
6000 205 2 14355 6000 19.63
6000 206 0 4610 1200 13.32
6000 206 1 9422 3000 16.03
6000 206 2 16338 6000 19.29
6000 207 0 3421 1200 13.63
6000 207 1 5197 3000 15.88
6000 207 2 11577 6000 19.37
6000 208 0 4733 1200 13.06
6000 208 1 7951 3000 15.23
6000 208 2 19093 6000 18.49
6000 209 0 2656 1200 13.16
6000 209 1 4000 3000 15.37
6000 209 2 6465 6000 18.50
6000 210 0 5899 1200 13.54
6000 210 1 5013 3000 15.29
6000 210 2 12232 6000 18.56
6000 211 0 3275 1200 13.46
6000 211 1 8551 3000 16.06
6000 211 2 7821 6000 18.53
6000 212 0 4039 1200 13.35
6000 212 1 7637 3000 15.68
6000 212 2 20396 6000 18.95
6000 213 0 4126 1200 13.54
6000 213 1 5702 3000 15.84
6000 213 2 7187 6000 18.84
6000 214 0 4373 1200 13.71
6000 214 1 7087 3000 16.06
6000 214 2 10107 6000 18.85
6000 215 0 7620 1200 14.16
6000 215 1 8169 3000 16.35
6000 215 2 13110 6000 19.02
6000 216 0 5208 1200 12.84
6000 216 1 11953 3000 15.47
6000 216 2 21954 6000 18.68
6000 217 0 2853 1200 12.95
6000 217 1 3617 3000 15.39
6000 217 2 6687 6000 18.60
6000 218 0 3025 1200 13.07
6000 218 1 6331 3000 15.78
6000 218 2 8408 6000 18.65
6000 219 0 5173 1200 13.52
6000 219 1 6623 3000 16.00
6000 219 2 9516 6000 18.81
6000 220 0 6662 1200 13.56
6000 220 1 9483 3000 16.05
6000 220 2 17612 6000 19.10
6000 221 0 3444 1200 13.34
6000 221 1 6673 3000 16.08
6000 221 2 9272 6000 19.01
6000 222 0 4188 1200 13.28
6000 222 1 6999 3000 15.61
6000 222 2 19270 6000 18.92
6000 223 0 4553 1200 13.60
6000 223 1 6047 3000 15.94
6000 223 2 8267 6000 18.99
6000 224 0 5506 1200 13.60
6000 224 1 8528 3000 15.87
6000 224 2 16655 6000 18.72
6000 225 0 5499 1200 13.56
6000 225 1 7392 3000 15.92
6000 225 2 10214 6000 18.41
6000 226 0 3683 1200 13.55
6000 226 1 7926 3000 16.06
6000 226 2 10434 6000 18.44
6000 227 0 5227 1200 13.51
6000 227 1 7324 3000 15.90
6000 227 2 11257 6000 18.43
6000 228 0 4215 1200 12.96
6000 228 1 8960 3000 15.36
6000 228 2 19372 6000 18.61
6000 229 0 6300 1200 13.60
6000 229 1 4979 3000 15.43
6000 229 2 10077 6000 18.29
6000 230 0 7181 1200 13.09
6000 230 1 10427 3000 15.51
6000 230 2 12835 6000 17.98
6000 231 0 3170 1200 13.28
6000 231 1 5400 3000 15.60
6000 231 2 8729 6000 18.22
6000 232 0 4691 1200 12.95
6000 232 1 8600 3000 15.19
6000 232 2 18157 6000 18.11
6000 233 0 2363 1200 13.11
6000 233 1 3407 3000 15.32
6000 233 2 5370 6000 18.14
6000 234 0 4966 1200 13.69
6000 234 1 4484 3000 15.44
6000 234 2 10358 6000 18.26
6000 235 0 6015 1200 13.73
6000 235 1 11382 3000 16.37
6000 235 2 10233 6000 18.29
6000 236 0 2680 1200 13.39
6000 236 1 5886 3000 15.88
6000 236 2 14844 6000 18.56
6000 237 0 3506 1200 13.73
6000 237 1 5069 3000 16.21
6000 237 2 6376 6000 18.67
6000 238 0 5693 1200 14.11
6000 238 1 8217 3000 16.47
6000 238 2 9096 6000 18.61
6000 239 0 3851 1200 14.12
6000 239 1 5432 3000 16.48
6000 239 2 11211 6000 19.02
6000 240 0 7759 1200 13.37
6000 240 1 13792 3000 15.80
6000 240 2 31014 6000 19.70
6000 241 0 2013 1200 13.51
6000 241 1 2963 3000 16.02
6000 241 2 3310 6000 19.54
6000 242 0 4151 1200 13.85
6000 242 1 7576 3000 16.15
6000 242 2 19427 6000 19.82
6000 243 0 7578 1200 14.63
6000 243 1 4660 3000 16.38
6000 243 2 10007 6000 19.72
6000 244 0 5236 1200 14.44
6000 244 1 11503 3000 17.43
6000 244 2 7796 6000 19.48
6000 245 0 6963 1200 14.33
6000 245 1 9837 3000 16.84
6000 245 2 18602 6000 19.59
6000 246 0 2679 1200 13.97
6000 246 1 6926 3000 16.62
6000 246 2 10644 6000 19.35
6000 247 0 3848 1200 14.15
6000 247 1 4946 3000 16.61
6000 247 2 7772 6000 19.28
6000 248 0 5656 1200 14.13
6000 248 1 10316 3000 16.47
6000 248 2 22994 6000 19.59
6000 249 0 4216 1200 13.98
6000 249 1 6389 3000 16.11
6000 249 2 15599 6000 19.23
6000 250 0 5058 1200 14.31
6000 250 1 5764 3000 16.36
6000 250 2 7226 6000 19.00
6000 251 0 3493 1200 14.55
6000 251 1 4844 3000 16.68
6000 251 2 6132 6000 19.14
6000 252 0 6992 1200 14.51
6000 252 1 12379 3000 16.98
6000 252 2 17253 6000 19.40
6000 253 0 3625 1200 14.47
6000 253 1 4946 3000 16.88
6000 253 2 7383 6000 19.26
6000 254 0 4337 1200 14.61
6000 254 1 7035 3000 16.99
6000 254 2 11556 6000 19.45
6000 255 0 5771 1200 14.75
6000 255 1 6279 3000 17.03
6000 255 2 10691 6000 19.47
6000 256 0 5149 1200 14.24
6000 256 1 12233 3000 16.66
6000 256 2 26278 6000 19.76
6000 257 0 8388 1200 14.82
6000 257 1 6092 3000 17.26
6000 257 2 6435 6000 19.52
6000 258 0 8018 1200 14.71
6000 258 1 9338 3000 17.14
6000 258 2 12976 6000 19.62
6000 259 0 3875 1200 14.29
6000 259 1 7570 3000 16.90
6000 259 2 11080 6000 19.39
6000 260 0 4511 1200 13.97
6000 260 1 8577 3000 16.59
6000 260 2 15454 6000 19.38
6000 261 0 3216 1200 14.31
6000 261 1 6184 3000 16.86
6000 261 2 8514 6000 19.52
6000 262 0 4883 1200 14.27
6000 262 1 7840 3000 16.77
6000 262 2 12026 6000 19.50
6000 263 0 3284 1200 14.37
6000 263 1 4608 3000 16.78
6000 263 2 8038 6000 19.48
6000 264 0 7786 1200 13.88
6000 264 1 13339 3000 16.28
6000 264 2 27253 6000 19.80
6000 265 0 3866 1200 14.06
6000 265 1 4990 3000 16.51
6000 265 2 7016 6000 19.67
6000 266 0 3505 1200 13.86
6000 266 1 6680 3000 16.09
6000 266 2 16878 6000 19.40
6000 267 0 3497 1200 14.13
6000 267 1 3641 3000 16.26
6000 267 2 4773 6000 19.28
6000 268 0 5293 1200 14.40
6000 268 1 10449 3000 16.93
6000 268 2 7252 6000 19.08
6000 269 0 4414 1200 14.84
6000 269 1 4964 3000 17.11
6000 269 2 13454 6000 19.86
6000 270 0 8242 1200 14.77
6000 270 1 10764 3000 17.20
6000 270 2 16658 6000 19.72
6000 271 0 4248 1200 14.85
6000 271 1 7101 3000 17.33
6000 271 2 9839 6000 19.69
6000 272 0 4546 1200 14.52
6000 272 1 8866 3000 16.70
6000 272 2 21159 6000 19.80
6000 273 0 2873 1200 14.69
6000 273 1 4437 3000 16.83
6000 273 2 6388 6000 19.73
6000 274 0 5255 1200 14.97
6000 274 1 5728 3000 16.85
6000 274 2 11372 6000 19.71
6000 275 0 4982 1200 15.07
6000 275 1 6623 3000 17.11
6000 275 2 9943 6000 19.67
6000 276 0 7535 1200 13.93
6000 276 1 17093 3000 16.90
6000 276 2 24991 6000 19.99
6000 277 0 2283 1200 14.12
6000 277 1 3205 3000 17.03
6000 277 2 4983 6000 19.98
6000 278 0 4762 1200 14.54
6000 278 1 6394 3000 17.25
6000 278 2 11232 6000 20.10
6000 279 0 6393 1200 14.56
6000 279 1 6645 3000 17.04
6000 279 2 14711 6000 19.91
6000 280 0 6367 1200 14.22
6000 280 1 12608 3000 16.89
6000 280 2 21648 6000 19.83
6000 281 0 2712 1200 14.27
6000 281 1 3214 3000 16.92
6000 281 2 4186 6000 19.67
6000 282 0 4610 1200 14.31
6000 282 1 7766 3000 17.06
6000 282 2 10442 6000 19.67
6000 283 0 4238 1200 14.63
6000 283 1 5305 3000 17.19
6000 283 2 10246 6000 19.89
6000 284 0 5031 1200 14.70
6000 284 1 10844 3000 17.45
6000 284 2 15692 6000 19.99
6000 285 0 8703 1200 15.42
6000 285 1 5564 3000 17.34
6000 285 2 14597 6000 20.13
6000 286 0 5724 1200 15.23
6000 286 1 10621 3000 17.67
6000 286 2 16904 6000 20.25
6000 287 0 5673 1200 15.24
6000 287 1 7575 3000 17.67
6000 287 2 8978 6000 19.98
6000 288 0 6848 1200 14.33
6000 288 1 8914 3000 16.74
6000 288 2 19488 6000 20.09
6000 289 0 7975 1200 14.67
6000 289 1 8361 3000 16.82
6000 289 2 12685 6000 19.65
6000 290 0 2548 1200 14.55
6000 290 1 6200 3000 16.91
6000 290 2 8280 6000 19.59
6000 291 0 4638 1200 14.78
6000 291 1 6943 3000 17.11
6000 291 2 9484 6000 19.65
6000 292 0 4321 1200 14.29
6000 292 1 9239 3000 16.90
6000 292 2 15198 6000 19.67
6000 293 0 4040 1200 14.47
6000 293 1 4806 3000 16.89
6000 293 2 8111 6000 19.59
6000 294 0 4148 1200 14.59
6000 294 1 6303 3000 16.94
6000 294 2 10973 6000 19.58
6000 295 0 5194 1200 14.69
6000 295 1 7526 3000 17.05
6000 295 2 11332 6000 19.55
6000 296 0 5921 1200 14.27
6000 296 1 10660 3000 16.72
6000 296 2 23344 6000 20.02
6000 297 0 2756 1200 14.41
6000 297 1 3662 3000 16.78
6000 297 2 4944 6000 19.83
6000 298 0 3395 1200 14.65
6000 298 1 6098 3000 17.08
6000 298 2 9168 6000 19.93
6000 299 0 5598 1200 15.24
6000 299 1 5679 3000 17.32
6000 299 2 9963 6000 19.98
6000 300 0 15027 1200 16.14
6000 300 1 8810 3000 17.70
6000 300 2 18163 6000 20.14
6000 301 0 7317 1200 14.85
6000 301 1 13538 3000 17.60
6000 301 2 14441 6000 19.63
6000 302 0 2947 1200 14.84
6000 302 1 6997 3000 17.44
6000 302 2 9652 6000 19.66
6000 303 0 3516 1200 14.79
6000 303 1 5924 3000 17.32
6000 303 2 9118 6000 19.65
6000 304 0 5797 1200 14.44
6000 304 1 8725 3000 16.50
6000 304 2 24347 6000 19.82
6000 305 0 2686 1200 14.50
6000 305 1 4053 3000 16.61
6000 305 2 5734 6000 19.68
6000 306 0 5152 1200 14.50
6000 306 1 7581 3000 16.45
6000 306 2 20037 6000 19.83
6000 307 0 3361 1200 14.65
6000 307 1 4604 3000 16.62
6000 307 2 6305 6000 19.67
6000 308 0 4751 1200 14.85
6000 308 1 9867 3000 17.26
6000 308 2 10955 6000 19.62
6000 309 0 3586 1200 14.96
6000 309 1 4037 3000 17.16
6000 309 2 7008 6000 19.52
6000 310 0 4407 1200 15.10
6000 310 1 6067 3000 17.28
6000 310 2 12120 6000 19.78
6000 311 0 6634 1200 15.44
6000 311 1 8609 3000 17.68
6000 311 2 12327 6000 19.94
6000 312 0 7772 1200 15.11
6000 312 1 12407 3000 17.76
6000 312 2 20281 6000 20.39
6000 313 0 5124 1200 14.91
6000 313 1 8012 3000 18.17
6000 313 2 8563 6000 20.39
6000 314 0 6322 1200 14.88
6000 314 1 9699 3000 17.70
6000 314 2 14188 6000 20.24
6000 315 0 3219 1200 14.78
6000 315 1 7066 3000 17.77
6000 315 2 9306 6000 20.19
6000 316 0 5656 1200 14.14
6000 316 1 9712 3000 16.71
6000 316 2 22837 6000 20.21
6000 317 0 1951 1200 14.28
6000 317 1 4359 3000 16.96
6000 317 2 5902 6000 20.14
6000 318 0 3924 1200 14.17
6000 318 1 7665 3000 16.90
6000 318 2 12744 6000 19.93
6000 319 0 4415 1200 14.80
6000 319 1 4383 3000 17.02
6000 319 2 8056 6000 19.94
6000 320 0 6447 1200 14.36
6000 320 1 12226 3000 16.96
6000 320 2 22385 6000 19.92
6000 321 0 3993 1200 14.43
6000 321 1 4556 3000 16.95
6000 321 2 7168 6000 19.71
6000 322 0 3491 1200 14.48
6000 322 1 6478 3000 17.13
6000 322 2 9247 6000 19.68
6000 323 0 3817 1200 14.84
6000 323 1 4834 3000 17.31
6000 323 2 7864 6000 19.78
6000 324 0 5778 1200 14.77
6000 324 1 11480 3000 17.60
6000 324 2 17266 6000 20.10
6000 325 0 3841 1200 14.89
6000 325 1 4509 3000 17.49
6000 325 2 7605 6000 20.05
6000 326 0 7251 1200 15.09
6000 326 1 10527 3000 17.43
6000 326 2 22982 6000 20.59
6000 327 0 5833 1200 15.17
6000 327 1 6381 3000 17.43
6000 327 2 9937 6000 20.27
6000 328 0 6320 1200 14.23
6000 328 1 12027 3000 16.88
6000 328 2 18630 6000 19.70
6000 329 0 2523 1200 14.34
6000 329 1 5176 3000 17.02
6000 329 2 5314 6000 19.55
6000 330 0 3449 1200 14.39
6000 330 1 6471 3000 16.96
6000 330 2 10086 6000 19.61
6000 331 0 5906 1200 14.84
6000 331 1 5646 3000 17.03
6000 331 2 11605 6000 19.79
6000 332 0 4107 1200 14.52
6000 332 1 9689 3000 17.11
6000 332 2 14580 6000 19.78
6000 333 0 3493 1200 14.68
6000 333 1 4025 3000 17.08
6000 333 2 6655 6000 19.68
6000 334 0 5576 1200 15.04
6000 334 1 6908 3000 17.19
6000 334 2 11738 6000 19.77
6000 335 0 3278 1200 15.09
6000 335 1 5017 3000 17.37
6000 335 2 6687 6000 19.76
6000 336 0 7669 1200 14.55
6000 336 1 18355 3000 17.87
6000 336 2 27605 6000 21.14
6000 337 0 2643 1200 14.75
6000 337 1 3408 3000 17.97
6000 337 2 4528 6000 20.95
6000 338 0 5127 1200 14.85
6000 338 1 6884 3000 17.84
6000 338 2 13271 6000 20.86
6000 339 0 5012 1200 14.98
6000 339 1 6069 3000 17.82
6000 339 2 11100 6000 20.73
6000 340 0 5285 1200 14.77
6000 340 1 11208 3000 17.83
6000 340 2 17852 6000 20.66
6000 341 0 5858 1200 15.24
6000 341 1 5775 3000 17.83
6000 341 2 10834 6000 20.60
6000 342 0 5705 1200 15.14
6000 342 1 8139 3000 17.83
6000 342 2 13059 6000 20.50
6000 343 0 5430 1200 15.02
6000 343 1 7763 3000 17.75
6000 343 2 12086 6000 20.31
6000 344 0 4271 1200 14.77
6000 344 1 8881 3000 17.09
6000 344 2 21402 6000 20.38
6000 345 0 4538 1200 14.91
6000 345 1 5490 3000 17.05
6000 345 2 7782 6000 20.00
6000 346 0 7159 1200 14.67
6000 346 1 10246 3000 16.87
6000 346 2 19554 6000 19.87
6000 347 0 2496 1200 14.71
6000 347 1 4146 3000 17.01
6000 347 2 5093 6000 19.82
6000 348 0 5106 1200 14.51
6000 348 1 9802 3000 16.96
6000 348 2 14793 6000 19.65
6000 349 0 2925 1200 14.71
6000 349 1 3717 3000 17.01
6000 349 2 6432 6000 19.68
6000 350 0 6411 1200 15.21
6000 350 1 4889 3000 16.97
6000 350 2 10020 6000 19.58
6000 351 0 4922 1200 15.28
6000 351 1 8322 3000 17.53
6000 351 2 11339 6000 19.81
6000 352 0 4931 1200 14.66
6000 352 1 13540 3000 17.44
6000 352 2 22420 6000 20.13
6000 353 0 3854 1200 15.03
6000 353 1 3472 3000 17.43
6000 353 2 5860 6000 20.09
6000 354 0 5467 1200 15.15
6000 354 1 7516 3000 17.63
6000 354 2 10479 6000 20.06
6000 355 0 7373 1200 15.51
6000 355 1 7029 3000 17.70
6000 355 2 13021 6000 20.15
6000 356 0 7369 1200 14.96
6000 356 1 12512 3000 17.55
6000 356 2 21148 6000 20.35
6000 357 0 3492 1200 15.02
6000 357 1 5301 3000 17.53
6000 357 2 6825 6000 20.09
6000 358 0 3918 1200 14.78
6000 358 1 8179 3000 17.50
6000 358 2 12464 6000 20.07
6000 359 0 4500 1200 15.07
6000 359 1 5919 3000 17.45
6000 359 2 11178 6000 19.99
6000 360 0 5796 1200 14.29
6000 360 1 11026 3000 16.55
6000 360 2 25696 6000 20.10
6000 361 0 4195 1200 14.45
6000 361 1 5221 3000 16.68
6000 361 2 5826 6000 19.72
6000 362 0 3412 1200 14.54
6000 362 1 5826 3000 16.81
6000 362 2 8879 6000 19.76
6000 363 0 4077 1200 15.16
6000 363 1 4981 3000 17.31
6000 363 2 7966 6000 20.06
6000 364 0 6298 1200 15.12
6000 364 1 10972 3000 17.54
6000 364 2 14575 6000 20.12
6000 365 0 2578 1200 15.20
6000 365 1 2850 3000 17.52
6000 365 2 5358 6000 20.03
6000 366 0 5751 1200 15.24
6000 366 1 10789 3000 17.58
6000 366 2 18958 6000 20.35
6000 367 0 2770 1200 15.35
6000 367 1 3017 3000 17.61
6000 367 2 4636 6000 20.27
6000 368 0 12580 1200 16.37
6000 368 1 3868 3000 17.24
6000 368 2 18708 6000 20.24
6000 369 0 10036 1200 15.88
6000 369 1 14878 3000 19.07
6000 369 2 2044 6000 19.87
6000 370 0 6378 1200 15.36
6000 370 1 11845 3000 18.52
6000 370 2 13375 6000 20.18
6000 371 0 3333 1200 15.11
6000 371 1 6778 3000 18.26
6000 371 2 10030 6000 20.15
6000 372 0 3661 1200 14.89
6000 372 1 10695 3000 18.03
6000 372 2 23194 6000 21.17
6000 373 0 4133 1200 14.83
6000 373 1 7208 3000 17.84
6000 373 2 10845 6000 20.78
6000 374 0 3613 1200 14.92
6000 374 1 6087 3000 17.59
6000 374 2 11984 6000 20.65
6000 375 0 4645 1200 15.07
6000 375 1 6077 3000 17.57
6000 375 2 11375 6000 20.54
6000 376 0 5101 1200 14.88
6000 376 1 7901 3000 17.00
6000 376 2 23918 6000 20.66
6000 377 0 3168 1200 14.99
6000 377 1 4134 3000 17.09
6000 377 2 6054 6000 20.45
6000 378 0 4182 1200 15.23
6000 378 1 4086 3000 17.12
6000 378 2 9325 6000 20.36
6000 379 0 4286 1200 15.45
6000 379 1 9162 3000 17.89
6000 379 2 9586 6000 20.33
6000 380 0 6000 1200 15.47
6000 380 1 10286 3000 17.97
6000 380 2 15454 6000 20.41
6000 381 0 4744 1200 15.58
6000 381 1 5003 3000 17.85
6000 381 2 9466 6000 20.31
6000 382 0 5614 1200 15.60
6000 382 1 8453 3000 17.99
6000 382 2 13573 6000 20.36
6000 383 0 7200 1200 15.74
6000 383 1 7134 3000 17.90
6000 383 2 13746 6000 20.39
6000 384 0 7274 1200 14.21
6000 384 1 15589 3000 16.96
6000 384 2 26090 6000 20.68
6000 385 0 3722 1200 14.52
6000 385 1 5496 3000 17.19
6000 385 2 6890 6000 20.53
6000 386 0 3336 1200 14.59
6000 386 1 5137 3000 17.07
6000 386 2 9293 6000 20.33
6000 387 0 5403 1200 14.59
6000 387 1 7096 3000 17.03
6000 387 2 12692 6000 20.17
6000 388 0 3971 1200 14.31
6000 388 1 9062 3000 16.86
6000 388 2 14908 6000 20.00
6000 389 0 2753 1200 14.48
6000 389 1 3488 3000 16.92
6000 389 2 6194 6000 19.97
6000 390 0 5956 1200 14.86
6000 390 1 5372 3000 16.90
6000 390 2 10613 6000 19.90
6000 391 0 4722 1200 15.01
6000 391 1 8287 3000 17.41
6000 391 2 11079 6000 20.02
6000 392 0 4861 1200 14.57
6000 392 1 12164 3000 17.14
6000 392 2 23636 6000 20.14
6000 393 0 2756 1200 14.71
6000 393 1 2479 3000 17.10
6000 393 2 4021 6000 19.99
6000 394 0 7683 1200 15.27
6000 394 1 8718 3000 17.14
6000 394 2 21160 6000 20.24
6000 395 0 3260 1200 15.59
6000 395 1 5102 3000 17.61
6000 395 2 5441 6000 20.26
6000 396 0 8879 1200 15.82
6000 396 1 11095 3000 18.27
6000 396 2 13844 6000 20.49
6000 397 0 8919 1200 15.40
6000 397 1 10148 3000 17.66
6000 397 2 18602 6000 20.23
6000 398 0 5768 1200 15.14
6000 398 1 7676 3000 17.91
6000 398 2 11451 6000 20.39
6000 399 0 5672 1200 15.34
6000 399 1 7506 3000 17.66
6000 399 2 12241 6000 20.15
6000 400 0 16006 1200 16.57
6000 400 1 1187 3000 16.78
6000 400 2 18648 6000 19.73
6000 401 0 4265 1200 15.11
6000 401 1 18831 3000 18.70
6000 401 2 929 6000 19.14
6000 402 0 1722 1200 15.00
6000 402 1 4530 3000 18.44
6000 402 2 6371 6000 19.52
6000 403 0 3548 1200 15.53
6000 403 1 4203 3000 18.45
6000 403 2 5450 6000 19.66
6000 404 0 4645 1200 15.33
6000 404 1 10595 3000 18.16
6000 404 2 22055 6000 20.82
6000 405 0 2915 1200 15.43
6000 405 1 3491 3000 18.12
6000 405 2 5869 6000 20.72
6000 406 0 6049 1200 15.73
6000 406 1 7403 3000 18.14
6000 406 2 13851 6000 20.69
6000 407 0 4283 1200 15.59
6000 407 1 7537 3000 18.17
6000 407 2 12843 6000 20.69
6000 408 0 6951 1200 14.31
6000 408 1 19082 3000 17.61
6000 408 2 28609 6000 20.87
6000 409 0 1919 1200 14.51
6000 409 1 3351 3000 17.69
6000 409 2 5203 6000 20.73
6000 410 0 5527 1200 15.20
6000 410 1 6220 3000 17.42
6000 410 2 15406 6000 20.65
6000 411 0 7425 1200 15.27
6000 411 1 6944 3000 17.30
6000 411 2 15401 6000 20.26
6000 412 0 4189 1200 14.49
6000 412 1 11380 3000 17.20
6000 412 2 15090 6000 19.88
6000 413 0 2084 1200 14.66
6000 413 1 3464 3000 17.21
6000 413 2 6167 6000 19.95
6000 414 0 5836 1200 14.91
6000 414 1 7902 3000 16.87
6000 414 2 19278 6000 19.82
6000 415 0 2436 1200 14.94
6000 415 1 4126 3000 17.02
6000 415 2 5255 6000 19.75
6000 416 0 5673 1200 14.79
6000 416 1 8159 3000 16.73
6000 416 2 18990 6000 19.57
6000 417 0 2245 1200 15.01
6000 417 1 2977 3000 16.92
6000 417 2 3965 6000 19.61
6000 418 0 7766 1200 15.82
6000 418 1 10470 3000 17.87
6000 418 2 5946 6000 19.47
6000 419 0 3051 1200 15.69
6000 419 1 5161 3000 17.88
6000 419 2 15020 6000 20.24
6000 420 0 6249 1200 15.45
6000 420 1 12739 3000 17.98
6000 420 2 17903 6000 20.25
6000 421 0 4062 1200 15.49
6000 421 1 4643 3000 17.88
6000 421 2 7614 6000 20.11
6000 422 0 4192 1200 15.44
6000 422 1 7536 3000 17.92
6000 422 2 12083 6000 20.17
6000 423 0 6216 1200 15.99
6000 423 1 6144 3000 18.15
6000 423 2 12144 6000 20.52
6000 424 0 7446 1200 15.60
6000 424 1 11083 3000 18.29
6000 424 2 20117 6000 21.09
6000 425 0 4912 1200 15.83
6000 425 1 8311 3000 18.33
6000 425 2 9735 6000 20.72
6000 426 0 5425 1200 15.58
6000 426 1 8686 3000 18.06
6000 426 2 14348 6000 20.57
6000 427 0 4905 1200 15.28
6000 427 1 8131 3000 17.85
6000 427 2 12516 6000 20.28
6000 428 0 2329 1200 15.07
6000 428 1 6284 3000 17.52
6000 428 2 13025 6000 20.29
6000 429 0 6140 1200 15.45
6000 429 1 6030 3000 17.48
6000 429 2 11241 6000 20.13
6000 430 0 4579 1200 14.89
6000 430 1 10294 3000 17.54
6000 430 2 14410 6000 20.05
6000 431 0 3668 1200 14.97
6000 431 1 5468 3000 17.51
6000 431 2 8951 6000 19.97
6000 432 0 5987 1200 13.76
6000 432 1 11304 3000 15.97
6000 432 2 29636 6000 20.05
6000 433 0 1926 1200 13.97
6000 433 1 2431 3000 16.18
6000 433 2 3896 6000 20.03
6000 434 0 3283 1200 14.08
6000 434 1 6514 3000 16.21
6000 434 2 17735 6000 20.00
6000 435 0 6695 1200 14.87
6000 435 1 2326 3000 16.29
6000 435 2 4755 6000 19.88
6000 436 0 4330 1200 14.83
6000 436 1 14595 3000 17.51
6000 436 2 8911 6000 19.64
6000 437 0 4267 1200 15.21
6000 437 1 4050 3000 17.53
6000 437 2 13540 6000 20.24
6000 438 0 5570 1200 15.44
6000 438 1 7768 3000 17.82
6000 438 2 12454 6000 20.32
6000 439 0 5560 1200 15.46
6000 439 1 6781 3000 17.74
6000 439 2 11878 6000 20.23
6000 440 0 8169 1200 14.76
6000 440 1 13950 3000 17.37
6000 440 2 24438 6000 20.20
6000 441 0 2992 1200 14.81
6000 441 1 4573 3000 17.31
6000 441 2 6802 6000 20.02
6000 442 0 4003 1200 14.77
6000 442 1 7478 3000 17.31
6000 442 2 10627 6000 19.92
6000 443 0 5164 1200 14.78
6000 443 1 7249 3000 17.24
6000 443 2 11169 6000 19.81
6000 444 0 4065 1200 13.97
6000 444 1 10446 3000 16.21
6000 444 2 26560 6000 20.06
6000 445 0 3148 1200 14.28
6000 445 1 3299 3000 16.38
6000 445 2 5314 6000 19.87
6000 446 0 5647 1200 14.56
6000 446 1 5653 3000 16.44
6000 446 2 10363 6000 19.63
6000 447 0 2331 1200 14.68
6000 447 1 4899 3000 16.80
6000 447 2 4810 6000 19.61
6000 448 0 4024 1200 14.57
6000 448 1 12595 3000 17.26
6000 448 2 22084 6000 20.08
6000 449 0 5427 1200 15.63
6000 449 1 2287 3000 17.39
6000 449 2 5328 6000 20.09
6000 450 0 7472 1200 15.71
6000 450 1 5764 3000 17.45
6000 450 2 12119 6000 20.05
6000 451 0 6260 1200 15.61
6000 451 1 11958 3000 18.21
6000 451 2 7629 6000 19.86
6000 452 0 4337 1200 15.34
6000 452 1 10932 3000 18.36
6000 452 2 16708 6000 20.70
6000 453 0 3113 1200 15.53
6000 453 1 4788 3000 18.32
6000 453 2 8139 6000 20.68
6000 454 0 6676 1200 15.58
6000 454 1 9560 3000 17.79
6000 454 2 22237 6000 20.84
6000 455 0 4768 1200 15.58
6000 455 1 5954 3000 17.81
6000 455 2 9580 6000 20.61
6000 456 0 5854 1200 14.29
6000 456 1 14256 3000 17.11
6000 456 2 22585 6000 20.22
6000 457 0 6313 1200 14.34
6000 457 1 7914 3000 17.11
6000 457 2 8002 6000 19.77
6000 458 0 2084 1200 14.14
6000 458 1 4968 3000 16.87
6000 458 2 9795 6000 19.78
6000 459 0 3888 1200 14.21
6000 459 1 5824 3000 16.92
6000 459 2 9221 6000 19.71
6000 460 0 6619 1200 14.52
6000 460 1 7571 3000 16.66
6000 460 2 17264 6000 19.74
6000 461 0 2402 1200 14.59
6000 461 1 3488 3000 16.75
6000 461 2 5508 6000 19.68
6000 462 0 6415 1200 14.71
6000 462 1 11049 3000 17.26
6000 462 2 11583 6000 19.59
6000 463 0 2992 1200 14.77
6000 463 1 3941 3000 17.20
6000 463 2 6917 6000 19.56
6000 464 0 4997 1200 14.54
6000 464 1 14271 3000 17.36
6000 464 2 29048 6000 20.54
6000 465 0 5213 1200 15.21
6000 465 1 3576 3000 17.29
6000 465 2 8708 6000 20.48
6000 466 0 7324 1200 15.58
6000 466 1 6226 3000 17.49
6000 466 2 10181 6000 20.15
6000 467 0 8462 1200 14.82
6000 467 1 12328 3000 17.34
6000 467 2 14261 6000 19.45
6000 468 0 3203 1200 14.19
6000 468 1 11148 3000 17.04
6000 468 2 14672 6000 19.34
6000 469 0 3343 1200 14.67
6000 469 1 4678 3000 17.10
6000 469 2 8045 6000 19.52
6000 470 0 4540 1200 14.74
6000 470 1 6038 3000 17.02
6000 470 2 10691 6000 19.54
6000 471 0 5499 1200 14.73
6000 471 1 5865 3000 16.88
6000 471 2 12712 6000 19.52
6000 472 0 4191 1200 14.37
6000 472 1 9549 3000 16.53
6000 472 2 21619 6000 19.49
6000 473 0 3040 1200 14.50
6000 473 1 3205 3000 16.57
6000 473 2 4235 6000 19.34
6000 474 0 7474 1200 15.06
6000 474 1 5739 3000 16.43
6000 474 2 19904 6000 19.59
6000 475 0 3285 1200 15.00
6000 475 1 8515 3000 17.03
6000 475 2 3425 6000 19.29
6000 476 0 4074 1200 14.99
6000 476 1 8441 3000 17.16
6000 476 2 10131 6000 19.38
6000 477 0 5334 1200 15.33
6000 477 1 4971 3000 17.18
6000 477 2 8803 6000 19.42
6000 478 0 10151 1200 15.75
6000 478 1 7275 3000 17.47
6000 478 2 20222 6000 20.46
6000 479 0 9536 1200 15.24
6000 479 1 10847 3000 18.09
6000 479 2 11598 6000 20.25
6000 480 0 6652 1200 14.37
6000 480 1 12674 3000 16.78
6000 480 2 23234 6000 20.00
6000 481 0 2179 1200 14.55
6000 481 1 4518 3000 17.05
6000 481 2 5005 6000 19.87
6000 482 0 4880 1200 14.67
6000 482 1 7825 3000 16.99
6000 482 2 13321 6000 19.93
6000 483 0 2293 1200 14.75
6000 483 1 4594 3000 17.09
6000 483 2 7325 6000 19.93
6000 484 0 7527 1200 15.03
6000 484 1 5646 3000 16.45
6000 484 2 22504 6000 19.94
6000 485 0 2503 1200 14.88
6000 485 1 7265 3000 16.91
6000 485 2 5785 6000 19.77
6000 486 0 4410 1200 15.15
6000 486 1 6614 3000 17.06
6000 486 2 10951 6000 19.77
6000 487 0 4699 1200 15.37
6000 487 1 5657 3000 17.22
6000 487 2 9211 6000 19.74
6000 488 0 4749 1200 14.93
6000 488 1 12345 3000 17.32
6000 488 2 20094 6000 19.80
6000 489 0 2215 1200 15.13
6000 489 1 2259 3000 17.36
6000 489 2 3593 6000 19.78
6000 490 0 11635 1200 16.00
6000 490 1 3747 3000 17.25
6000 490 2 13938 6000 19.81
6000 491 0 1970 1200 15.69
6000 491 1 11507 3000 18.06
6000 491 2 4756 6000 19.74
6000 492 0 9039 1200 15.60
6000 492 1 13982 3000 18.06
6000 492 2 24359 6000 20.66
6000 493 0 4414 1200 15.52
6000 493 1 6367 3000 17.93
6000 493 2 9334 6000 20.50
6000 494 0 6459 1200 14.75
6000 494 1 11108 3000 17.01
6000 494 2 25455 6000 20.35
6000 495 0 2769 1200 14.90
6000 495 1 5439 3000 17.24
6000 495 2 6846 6000 20.30
6000 496 0 4924 1200 14.62
6000 496 1 7781 3000 16.56
6000 496 2 19803 6000 19.87
6000 497 0 3323 1200 14.90
6000 497 1 5230 3000 16.88
6000 497 2 6961 6000 19.88
6000 498 0 4562 1200 14.99
6000 498 1 5482 3000 16.81
6000 498 2 10123 6000 19.72
6000 499 0 3841 1200 15.13
6000 499 1 5984 3000 17.11
6000 499 2 8180 6000 19.74
6000 500 0 24153 1200 16.20
6000 500 1 6600 3000 16.97
6000 500 2 26382 6000 19.75
6000 501 0 1514 1200 16.03
6000 501 1 5194 3000 17.27
6000 501 2 3233 6000 19.61
6000 502 0 3445 1200 15.65
6000 502 1 11287 3000 17.75
6000 502 2 10815 6000 19.72
6000 503 0 3398 1200 15.90
6000 503 1 6527 3000 18.05
6000 503 2 10499 6000 20.21
6000 504 0 8968 1200 14.73
6000 504 1 15133 3000 16.92
6000 504 2 32228 6000 20.66
6000 505 0 1381 1200 14.73
6000 505 1 3320 3000 17.06
6000 505 2 2671 6000 20.17
6000 506 0 10138 1200 15.55
6000 506 1 5719 3000 17.00
6000 506 2 18260 6000 20.48
6000 507 0 5777 1200 14.61
6000 507 1 12501 3000 17.42
6000 507 2 11804 6000 19.78
6000 508 0 1579 1200 14.21
6000 508 1 8582 3000 17.27
6000 508 2 12677 6000 19.82
6000 509 0 5378 1200 14.33
6000 509 1 7848 3000 16.94
6000 509 2 13247 6000 19.69
6000 510 0 2681 1200 14.29
6000 510 1 6797 3000 16.81
6000 510 2 11731 6000 19.67
6000 511 0 5217 1200 14.70
6000 511 1 5945 3000 16.79
6000 511 2 11059 6000 19.63
6000 512 0 5181 1200 14.18
6000 512 1 10173 3000 16.20
6000 512 2 24215 6000 19.07
6000 513 0 1835 1200 14.27
6000 513 1 3245 3000 16.30
6000 513 2 3327 6000 18.99
6000 514 0 2665 1200 14.36
6000 514 1 5216 3000 16.47
6000 514 2 9297 6000 19.18
6000 515 0 7353 1200 15.40
6000 515 1 5763 3000 16.92
6000 515 2 9453 6000 19.41
6000 516 0 2791 1200 14.78
6000 516 1 13322 3000 17.37
6000 516 2 16780 6000 19.64
6000 517 0 5317 1200 15.23
6000 517 1 4688 3000 17.25
6000 517 2 9441 6000 19.61
6000 518 0 3607 1200 15.41
6000 518 1 6374 3000 17.46
6000 518 2 10287 6000 19.78
6000 519 0 5537 1200 15.61
6000 519 1 5792 3000 17.44
6000 519 2 11256 6000 19.83
6000 520 0 5407 1200 15.01
6000 520 1 11981 3000 17.27
6000 520 2 20380 6000 19.75
6000 521 0 7800 1200 15.35
6000 521 1 5094 3000 17.32
6000 521 2 9008 6000 19.67
6000 522 0 8320 1200 14.17
6000 522 1 15834 3000 17.13
6000 522 2 16024 6000 19.19
6000 523 0 2405 1200 14.41
6000 523 1 7164 3000 17.69
6000 523 2 6501 6000 19.52
6000 524 0 2770 1200 15.23
6000 524 1 6813 3000 18.05
6000 524 2 10468 6000 20.93
6000 525 0 7424 1200 15.56
6000 525 1 4593 3000 17.29
6000 525 2 17819 6000 20.74
6000 526 0 1591 1200 14.63
6000 526 1 9534 3000 17.35
6000 526 2 10852 6000 19.94
6000 527 0 4375 1200 14.86
6000 527 1 4758 3000 17.15
6000 527 2 8883 6000 19.80
6000 528 0 3352 1200 14.13
6000 528 1 9069 3000 16.25
6000 528 2 23063 6000 19.56
6000 529 0 5085 1200 14.64
6000 529 1 2933 3000 16.34
6000 529 2 5823 6000 19.45
6000 530 0 2903 1200 14.71
6000 530 1 4817 3000 16.45
6000 530 2 8441 6000 19.45
6000 531 0 3729 1200 15.04
6000 531 1 9837 3000 17.41
6000 531 2 6623 6000 19.55
6000 532 0 9242 1200 15.32
6000 532 1 8015 3000 16.89
6000 532 2 25988 6000 20.07
6000 533 0 4087 1200 15.18
6000 533 1 8203 3000 17.39
6000 533 2 5519 6000 19.56
6000 534 0 7183 1200 15.09
6000 534 1 8956 3000 17.20
6000 534 2 13805 6000 19.64
6000 535 0 3998 1200 14.84
6000 535 1 7882 3000 17.61
6000 535 2 9951 6000 20.03
6000 536 0 4589 1200 14.75
6000 536 1 8645 3000 16.84
6000 536 2 18734 6000 19.79
6000 537 0 3802 1200 14.77
6000 537 1 6486 3000 16.86
6000 537 2 10142 6000 19.57
6000 538 0 3678 1200 14.63
6000 538 1 7706 3000 16.84
6000 538 2 11294 6000 19.41
6000 539 0 3714 1200 14.68
6000 539 1 6399 3000 16.82
6000 539 2 10099 6000 19.31
6000 540 0 6408 1200 14.27
6000 540 1 9979 3000 16.27
6000 540 2 20040 6000 19.13
6000 541 0 1479 1200 14.33
6000 541 1 2453 3000 16.30
6000 541 2 4305 6000 19.12
6000 542 0 3904 1200 14.33
6000 542 1 7011 3000 16.18
6000 542 2 19577 6000 19.20
6000 543 0 3039 1200 14.55
6000 543 1 4563 3000 16.40
6000 543 2 6307 6000 19.21
6000 544 0 9150 1200 15.48
6000 544 1 9453 3000 17.04
6000 544 2 14078 6000 18.98
6000 545 0 2392 1200 15.23
6000 545 1 5877 3000 17.07
6000 545 2 6160 6000 18.88
6000 546 0 4034 1200 15.35
6000 546 1 6354 3000 17.19
6000 546 2 6839 6000 18.87
6000 547 0 6394 1200 15.69
6000 547 1 7103 3000 17.40
6000 547 2 16883 6000 19.76
6000 548 0 6401 1200 15.52
6000 548 1 10060 3000 17.58
6000 548 2 12295 6000 19.62
6000 549 0 4718 1200 15.31
6000 549 1 7152 3000 17.43
6000 549 2 10705 6000 19.52
6000 550 0 4884 1200 15.14
6000 550 1 8385 3000 17.33
6000 550 2 13648 6000 19.50
6000 551 0 4438 1200 15.16
6000 551 1 6938 3000 17.29
6000 551 2 11850 6000 19.48
6000 552 0 5520 1200 14.24
6000 552 1 11330 3000 16.24
6000 552 2 27164 6000 19.96
6000 553 0 1739 1200 14.37
6000 553 1 2623 3000 16.40
6000 553 2 3228 6000 19.87
6000 554 0 4337 1200 14.42
6000 554 1 7691 3000 16.53
6000 554 2 12563 6000 19.79
6000 555 0 2850 1200 14.69
6000 555 1 5395 3000 16.75
6000 555 2 10205 6000 19.83
6000 556 0 10232 1200 15.69
6000 556 1 6252 3000 17.01
6000 556 2 16733 6000 19.89
6000 557 0 2759 1200 15.50
6000 557 1 7239 3000 17.34
6000 557 2 5722 6000 19.72
6000 558 0 4988 1200 15.40
6000 558 1 9487 3000 17.46
6000 558 2 10885 6000 19.67
6000 559 0 4218 1200 15.48
6000 559 1 6218 3000 17.48
6000 559 2 11639 6000 19.89
6000 560 0 6191 1200 15.34
6000 560 1 9888 3000 17.20
6000 560 2 21111 6000 20.04
6000 561 0 5060 1200 15.44
6000 561 1 5679 3000 17.32
6000 561 2 7399 6000 19.89
6000 562 0 5485 1200 15.33
6000 562 1 10013 3000 17.49
6000 562 2 16361 6000 20.09
6000 563 0 3863 1200 15.39
6000 563 1 6011 3000 17.57
6000 563 2 7477 6000 19.96
6000 564 0 7659 1200 15.01
6000 564 1 10779 3000 17.26
6000 564 2 16249 6000 19.76
6000 565 0 6501 1200 15.17
6000 565 1 7483 3000 17.10
6000 565 2 12674 6000 19.41
6000 566 0 3259 1200 14.95
6000 566 1 6868 3000 17.15
6000 566 2 10110 6000 19.44
6000 567 0 5979 1200 14.89
6000 567 1 9130 3000 17.18
6000 567 2 12967 6000 19.45
6000 568 0 3282 1200 14.25
6000 568 1 7770 3000 16.34
6000 568 2 20779 6000 19.35
6000 569 0 2398 1200 14.39
6000 569 1 3224 3000 16.41
6000 569 2 3887 6000 19.24
6000 570 0 6577 1200 14.97
6000 570 1 9008 3000 17.06
6000 570 2 8949 6000 19.25
6000 571 0 2724 1200 14.93
6000 571 1 5361 3000 17.13
6000 571 2 10149 6000 19.48
6000 572 0 8173 1200 14.98
6000 572 1 13436 3000 17.24
6000 572 2 26138 6000 20.35
6000 573 0 2357 1200 15.11
6000 573 1 4450 3000 17.40
6000 573 2 5735 6000 20.26
6000 574 0 5685 1200 15.31
6000 574 1 6635 3000 17.35
6000 574 2 11728 6000 20.14
6000 575 0 5589 1200 15.30
6000 575 1 6087 3000 17.32
6000 575 2 10710 6000 19.96
6000 576 0 8640 1200 14.73
6000 576 1 11175 3000 16.79
6000 576 2 20362 6000 20.18
6000 577 0 8995 1200 14.96
6000 577 1 9945 3000 16.93
6000 577 2 10901 6000 19.30
6000 578 0 5096 1200 14.69
6000 578 1 7266 3000 17.06
6000 578 2 11440 6000 19.58
6000 579 0 4230 1200 14.88
6000 579 1 7034 3000 17.10
6000 579 2 10085 6000 19.57
6000 580 0 3489 1200 14.03
6000 580 1 9332 3000 16.56
6000 580 2 15441 6000 19.46
6000 581 0 4083 1200 14.00
6000 581 1 6715 3000 16.49
6000 581 2 10655 6000 19.34
6000 582 0 3595 1200 13.68
6000 582 1 6424 3000 15.75
6000 582 2 18794 6000 19.14
6000 583 0 2223 1200 13.92
6000 583 1 2934 3000 15.93
6000 583 2 3348 6000 19.12
6000 584 0 7228 1200 14.56
6000 584 1 11576 3000 16.89
6000 584 2 9040 6000 18.56
6000 585 0 1947 1200 14.53
6000 585 1 3661 3000 16.85
6000 585 2 11619 6000 19.19
6000 586 0 4493 1200 14.82
6000 586 1 6972 3000 17.08
6000 586 2 11090 6000 19.42
6000 587 0 7052 1200 15.48
6000 587 1 5718 3000 17.26
6000 587 2 11929 6000 19.60
6000 588 0 6834 1200 14.94
6000 588 1 12816 3000 17.64
6000 588 2 14386 6000 19.61
6000 589 0 7704 1200 14.84
6000 589 1 7660 3000 17.71
6000 589 2 11534 6000 19.91
6000 590 0 6299 1200 14.31
6000 590 1 10456 3000 17.31
6000 590 2 16280 6000 19.87
6000 591 0 1657 1200 14.24
6000 591 1 4421 3000 17.26
6000 591 2 6569 6000 19.83
6000 592 0 5760 1200 13.48
6000 592 1 12209 3000 16.30
6000 592 2 25979 6000 19.97
6000 593 0 1644 1200 13.61
6000 593 1 2852 3000 16.39
6000 593 2 4062 6000 19.88
6000 594 0 9248 1200 14.91
6000 594 1 3101 3000 16.31
6000 594 2 12007 6000 19.77
6000 595 0 2328 1200 14.83
6000 595 1 12002 3000 17.51
6000 595 2 7465 6000 19.80
6000 596 0 4439 1200 14.85
6000 596 1 8084 3000 17.15
6000 596 2 18332 6000 20.10
6000 597 0 4583 1200 14.95
6000 597 1 5038 3000 17.10
6000 597 2 9470 6000 19.89
6000 598 0 3681 1200 15.06
6000 598 1 5768 3000 17.18
6000 598 2 10732 6000 19.92
6000 599 0 7068 1200 15.31
6000 599 1 7084 3000 17.34
6000 599 2 13049 6000 19.87
6000 600 0 20614 1200 15.29
6000 600 1 12633 3000 16.88
6000 600 2 26717 6000 19.93
6000 601 0 3040 1200 15.18
6000 601 1 6381 3000 17.23
6000 601 2 4762 6000 19.59
6000 602 0 6343 1200 14.94
6000 602 1 8165 3000 16.94
6000 602 2 18608 6000 20.00
6000 603 0 5361 1200 14.80
6000 603 1 8951 3000 17.12
6000 603 2 9381 6000 19.61
6000 604 0 3647 1200 14.41
6000 604 1 8589 3000 16.72
6000 604 2 13701 6000 19.50
6000 605 0 3499 1200 14.65
6000 605 1 6060 3000 16.71
6000 605 2 9490 6000 19.41
6000 606 0 5023 1200 14.60
6000 606 1 7169 3000 16.65
6000 606 2 12615 6000 19.44
6000 607 0 4707 1200 14.34
6000 607 1 8840 3000 16.70
6000 607 2 11878 6000 19.29
6000 608 0 3230 1200 13.63
6000 608 1 8132 3000 15.68
6000 608 2 24296 6000 19.50
6000 609 0 2056 1200 13.96
6000 609 1 2594 3000 15.91
6000 609 2 3388 6000 19.38
6000 610 0 5378 1200 14.72
6000 610 1 2237 3000 15.91
6000 610 2 7280 6000 19.44
6000 611 0 3748 1200 14.81
6000 611 1 11838 3000 17.36
6000 611 2 10096 6000 19.68
6000 612 0 6676 1200 14.13
6000 612 1 12501 3000 16.33
6000 612 2 29748 6000 20.33
6000 613 0 1967 1200 14.43
6000 613 1 2574 3000 16.52
6000 613 2 4586 6000 20.29
6000 614 0 4082 1200 14.80
6000 614 1 6582 3000 16.89
6000 614 2 9647 6000 20.15
6000 615 0 10853 1200 15.62
6000 615 1 5186 3000 17.13
6000 615 2 11504 6000 19.94
6000 616 0 4995 1200 14.71
6000 616 1 16088 3000 17.78
6000 616 2 12321 6000 19.58
6000 617 0 3711 1200 14.57
6000 617 1 8369 3000 18.06
6000 617 2 10521 6000 20.09
6000 618 0 2611 1200 14.95
6000 618 1 5443 3000 17.65
6000 618 2 10984 6000 20.11
6000 619 0 4669 1200 15.15
6000 619 1 5902 3000 17.56
6000 619 2 10739 6000 20.07
6000 620 0 3636 1200 15.05
6000 620 1 7451 3000 17.45
6000 620 2 14437 6000 20.17
6000 621 0 5623 1200 15.23
6000 621 1 6211 3000 17.42
6000 621 2 10866 6000 20.03
6000 622 0 4172 1200 14.59
6000 622 1 10100 3000 17.03
6000 622 2 22545 6000 20.34
6000 623 0 4185 1200 14.71
6000 623 1 5757 3000 17.08
6000 623 2 6817 6000 20.01
6000 624 0 5459 1200 13.77
6000 624 1 11150 3000 16.01
6000 624 2 24761 6000 19.86
6000 625 0 2342 1200 13.90
6000 625 1 3525 3000 16.14
6000 625 2 4406 6000 19.73
6000 626 0 2769 1200 14.08
6000 626 1 4792 3000 16.33
6000 626 2 7290 6000 19.73
6000 627 0 8099 1200 15.07
6000 627 1 5302 3000 16.74
6000 627 2 9008 6000 19.75
6000 628 0 3845 1200 14.79
6000 628 1 11987 3000 17.39
6000 628 2 14268 6000 20.02
6000 629 0 6453 1200 15.28
6000 629 1 6229 3000 17.54
6000 629 2 11579 6000 20.12
6000 630 0 7430 1200 14.82
6000 630 1 10400 3000 17.48
6000 630 2 14824 6000 19.96
