6 1200 2000 3000 4000 5000 6000
3 0 3000
3 1 3000
3 2 3000
3 3 3000
3 4 3000
2 5 3000
2 6 3000
2 7 3000
1 8 3000
1 9 3000
3 10 6000
3 11 6000
3 12 6000
3 13 6000
3 14 6000
2 15 6000
2 16 6000
2 17 6000
1 18 6000
1 19 6000
3 20 4000
3 21 4000
3 22 4000
3 23 4000
3 24 4000
2 25 4000
2 26 4000
2 27 4000
1 28 4000
1 29 4000
3 30 5000
3 31 5000
3 32 5000
3 33 5000
3 34 5000
2 35 5000
2 36 5000
2 37 5000
1 38 5000
1 39 5000
3 40 2000
3 41 2000
3 42 2000
3 43 2000
3 44 2000
2 45 2000
2 46 2000
2 47 2000
1 48 2000
1 49 2000
3 50 4000
3 51 4000
3 52 4000
3 53 4000
3 54 4000
2 55 4000
2 56 4000
2 57 4000
1 58 4000
1 59 4000
3 60 6000
3 61 6000
3 62 6000
3 63 6000
3 64 6000
2 65 6000
2 66 6000
2 67 6000
1 68 6000
1 69 6000
3 70 4000
3 71 4000
3 72 4000
3 73 4000
3 74 4000
2 75 4000
2 76 4000
2 77 4000
1 78 4000
1 79 4000
3 80 2000
3 81 2000
3 82 2000
3 83 2000
3 84 2000
2 85 2000
2 86 2000
2 87 2000
1 88 2000
1 89 2000
3 90 4000
3 91 4000
3 92 4000
3 93 4000
3 94 4000
2 95 4000
2 96 4000
2 97 4000
1 98 4000
1 99 4000
3 100 5000
3 101 5000
3 102 5000
3 103 5000
3 104 5000
2 105 5000
2 106 5000
2 107 5000
1 108 5000
1 109 5000
3 110 6000
3 111 6000
3 112 6000
3 113 6000
3 114 6000
2 115 6000
2 116 6000
2 117 6000
1 118 6000
1 119 6000
3 120 5000
3 121 5000
3 122 5000
3 123 5000
3 124 5000
2 125 5000
2 126 5000
2 127 5000
1 128 5000
1 129 5000
3 130 6000
3 131 6000
3 132 6000
3 133 6000
3 134 6000
2 135 6000
2 136 6000
2 137 6000
1 138 6000
1 139 6000
3 140 5000
3 141 5000
3 142 5000
3 143 5000
3 144 5000
2 145 5000
2 146 5000
2 147 5000
1 148 5000
1 149 5000
3 150 5000
3 151 5000
3 152 5000
3 153 5000
3 154 5000
2 155 5000
2 156 5000
2 157 5000
1 158 5000
1 159 5000
3 160 1200
3 161 1200
3 162 1200
3 163 1200
3 164 1200
2 165 1200
2 166 1200
2 167 1200
1 168 1200
1 169 1200
3 170 1200
3 171 1200
3 172 1200
3 173 1200
3 174 1200
2 175 1200
2 176 1200
2 177 1200
1 178 1200
1 179 1200
3 180 2000
3 181 2000
3 182 2000
3 183 2000
3 184 2000
2 185 2000
2 186 2000
2 187 2000
1 188 2000
1 189 2000
3 190 4000
3 191 4000
3 192 4000
3 193 4000
3 194 4000
2 195 4000
2 196 4000
2 197 4000
1 198 4000
1 199 4000
3 200 4000
3 201 4000
3 202 4000
3 203 4000
3 204 4000
2 205 4000
2 206 4000
2 207 4000
1 208 4000
1 209 4000
3 210 3000
3 211 3000
3 212 3000
3 213 3000
3 214 3000
2 215 3000
2 216 3000
2 217 3000
1 218 3000
1 219 3000
3 220 4000
3 221 4000
3 222 4000
3 223 4000
3 224 4000
2 225 4000
2 226 4000
2 227 4000
1 228 4000
1 229 4000
3 230 1200
3 231 1200
3 232 1200
3 233 1200
3 234 1200
2 235 1200
2 236 1200
2 237 1200
1 238 1200
1 239 1200
3 240 1200
3 241 1200
3 242 1200
3 243 1200
3 244 1200
2 245 1200
2 246 1200
2 247 1200
1 248 1200
1 249 1200
3 250 1200
3 251 1200
3 252 1200
3 253 1200
3 254 1200
2 255 1200
2 256 1200
2 257 1200
1 258 1200
1 259 1200
3 260 6000
3 261 6000
3 262 6000
3 263 6000
3 264 6000
2 265 6000
2 266 6000
2 267 6000
1 268 6000
1 269 6000
3 270 6000
3 271 6000
3 272 6000
3 273 6000
3 274 6000
2 275 6000
2 276 6000
2 277 6000
1 278 6000
1 279 6000
3 280 6000
3 281 6000
3 282 6000
3 283 6000
3 284 6000
2 285 6000
2 286 6000
2 287 6000
1 288 6000
1 289 6000
3 290 1200
3 291 1200
3 292 1200
3 293 1200
3 294 1200
2 295 1200
2 296 1200
2 297 1200
1 298 1200
1 299 1200
3 300 6000
3 301 6000
3 302 6000
3 303 6000
3 304 6000
2 305 6000
2 306 6000
2 307 6000
1 308 6000
1 309 6000
3 310 3000
3 311 3000
3 312 3000
3 313 3000
3 314 3000
2 315 3000
2 316 3000
2 317 3000
1 318 3000
1 319 3000
3 320 3000
3 321 3000
3 322 3000
3 323 3000
3 324 3000
2 325 3000
2 326 3000
2 327 3000
1 328 3000
1 329 3000
3 330 1200
3 331 1200
3 332 1200
3 333 1200
3 334 1200
2 335 1200
2 336 1200
2 337 1200
1 338 1200
1 339 1200
3 340 5000
3 341 5000
3 342 5000
3 343 5000
3 344 5000
2 345 5000
2 346 5000
2 347 5000
1 348 5000
1 349 5000
3 350 2000
3 351 2000
3 352 2000
3 353 2000
3 354 2000
2 355 2000
2 356 2000
2 357 2000
1 358 2000
1 359 2000
3 360 5000
3 361 5000
3 362 5000
3 363 5000
3 364 5000
2 365 5000
2 366 5000
2 367 5000
1 368 5000
1 369 5000
3 370 2000
3 371 2000
3 372 2000
3 373 2000
3 374 2000
2 375 2000
2 376 2000
2 377 2000
1 378 2000
1 379 2000
3 380 1200
3 381 1200
3 382 1200
3 383 1200
3 384 1200
2 385 1200
2 386 1200
2 387 1200
1 388 1200
1 389 1200
3 390 6000
3 391 6000
3 392 6000
3 393 6000
3 394 6000
2 395 6000
2 396 6000
2 397 6000
1 398 6000
1 399 6000
3 400 6000
3 401 6000
3 402 6000
3 403 6000
3 404 6000
2 405 6000
2 406 6000
2 407 6000
1 408 6000
1 409 6000
3 410 2000
3 411 2000
3 412 2000
3 413 2000
3 414 2000
2 415 2000
2 416 2000
2 417 2000
1 418 2000
1 419 2000
3 420 2000
3 421 2000
3 422 2000
3 423 2000
3 424 2000
2 425 2000
2 426 2000
2 427 2000
1 428 2000
1 429 2000
3 430 3000
3 431 3000
3 432 3000
3 433 3000
3 434 3000
2 435 3000
2 436 3000
2 437 3000
1 438 3000
1 439 3000
3 440 6000
3 441 6000
3 442 6000
3 443 6000
3 444 6000
2 445 6000
2 446 6000
2 447 6000
1 448 6000
1 449 6000
3 450 5000
3 451 5000
3 452 5000
3 453 5000
3 454 5000
2 455 5000
2 456 5000
2 457 5000
1 458 5000
1 459 5000
3 460 3000
3 461 3000
3 462 3000
3 463 3000
3 464 3000
2 465 3000
2 466 3000
2 467 3000
1 468 3000
1 469 3000
3 470 6000
3 471 6000
3 472 6000
3 473 6000
3 474 6000
2 475 6000
2 476 6000
2 477 6000
1 478 6000
1 479 6000
3 480 3000
3 481 3000
3 482 3000
3 483 3000
3 484 3000
2 485 3000
2 486 3000
2 487 3000
1 488 3000
1 489 3000
3 490 5000
3 491 5000
3 492 5000
3 493 5000
3 494 5000
2 495 5000
2 496 5000
2 497 5000
1 498 5000
1 499 5000
3 500 3000
3 501 3000
3 502 3000
3 503 3000
3 504 3000
2 505 3000
2 506 3000
2 507 3000
1 508 3000
1 509 3000
3 510 2000
3 511 2000
3 512 2000
3 513 2000
3 514 2000
2 515 2000
2 516 2000
2 517 2000
1 518 2000
1 519 2000
3 520 6000
3 521 6000
3 522 6000
3 523 6000
3 524 6000
2 525 6000
2 526 6000
2 527 6000
1 528 6000
1 529 6000
3 530 1200
3 531 1200
3 532 1200
3 533 1200
3 534 1200
2 535 1200
2 536 1200
2 537 1200
1 538 1200
1 539 1200
3 540 2000
3 541 2000
3 542 2000
3 543 2000
3 544 2000
2 545 2000
2 546 2000
2 547 2000
1 548 2000
1 549 2000
3 550 4000
3 551 4000
3 552 4000
3 553 4000
3 554 4000
2 555 4000
2 556 4000
2 557 4000
1 558 4000
1 559 4000
3 560 2000
3 561 2000
3 562 2000
3 563 2000
3 564 2000
2 565 2000
2 566 2000
2 567 2000
1 568 2000
1 569 2000
3 570 2000
3 571 2000
3 572 2000
3 573 2000
3 574 2000
2 575 2000
2 576 2000
2 577 2000
1 578 2000
1 579 2000
3 580 5000
3 581 5000
3 582 5000
3 583 5000
3 584 5000
2 585 5000
2 586 5000
2 587 5000
1 588 5000
1 589 5000
3 590 1200
3 591 1200
3 592 1200
3 593 1200
3 594 1200
2 595 1200
2 596 1200
2 597 1200
1 598 1200
1 599 1200
3 600 1200
3 601 1200
3 602 1200
3 603 1200
3 604 1200
2 605 1200
2 606 1200
2 607 1200
1 608 1200
1 609 1200
3 610 2000
3 611 2000
3 612 2000
3 613 2000
3 614 2000
2 615 2000
2 616 2000
2 617 2000
1 618 2000
1 619 2000
3 620 6000
