8
0 21144 12.874
1 11841 14.080
2 15030 14.104
3 19572 14.683
4 19179 14.054
5 14479 14.949
6 16023 14.828
7 20047 15.535
8 21206 13.722
9 22951 15.965
10 22887 15.283
11 24953 16.122
12 23296 14.585
13 20537 16.113
14 18217 15.566
15 27279 16.536
16 27335 14.184
17 24534 16.567
18 21777 15.765
19 27237 16.482
20 20206 14.825
21 22656 16.494
22 22602 16.186
23 30081 16.731
24 25628 14.401
25 24607 16.477
26 24984 16.161
27 25077 16.815
28 20772 15.210
29 20916 16.761
30 24275 16.367
31 28396 17.064
32 29251 14.787
33 23113 16.960
34 24489 16.712
35 26847 17.190
36 18857 15.413
37 23484 17.143
38 22086 16.637
39 26722 17.148
40 27275 15.349
41 26655 17.376
42 26400 16.984
43 27633 17.423
44 24996 15.884
45 19742 17.283
46 21652 17.018
47 35471 17.559
48 32935 15.198
49 22617 17.052
50 24775 16.858
51 24806 17.233
52 18266 15.718
53 23372 17.172
54 25827 17.015
55 29601 17.352
56 33846 15.424
57 22685 17.321
58 28424 17.133
59 30441 17.309
60 25525 15.658
61 23767 17.037
62 26114 16.795
63 26737 17.185
64 29607 15.788
65 18987 17.441
66 21519 17.077
67 32701 17.651
68 25305 15.851
69 22835 17.166
70 28477 17.155
71 27363 17.361
72 36785 15.654
73 21716 17.228
74 22627 16.956
75 25454 17.256
76 17827 15.802
77 21982 17.218
78 21196 16.967
79 30120 17.502
80 28535 16.230
81 24737 17.716
82 27209 17.625
83 24954 17.796
84 22494 16.173
85 22711 17.502
86 27240 17.431
87 24334 17.864
88 31782 16.308
89 20041 17.996
90 21203 17.798
91 25436 18.256
92 18531 16.644
93 19233 18.157
94 20344 17.853
95 30625 18.419
96 36098 16.228
97 21889 17.887
98 24905 17.686
99 31840 18.152
100 20077 16.400
101 22919 17.870
102 28226 17.752
103 27737 18.014
104 31473 16.480
105 24128 18.142
106 26450 17.747
107 28067 18.289
108 24140 16.554
109 20270 18.098
110 20591 17.849
111 25210 18.433
112 32298 17.037
113 20801 18.628
114 23965 18.226
115 25856 18.771
116 17495 16.831
117 29573 18.599
118 29922 18.157
119 31303 18.460
120 30107 17.425
121 17919 18.865
122 21213 18.551
123 35649 18.853
124 26511 16.964
125 22963 18.308
126 25367 18.313
127 26491 18.409
128 39215 17.392
129 17160 18.405
130 21367 18.217
131 25762 18.555
132 17308 16.635
133 23930 18.403
134 29474 18.026
135 25621 18.390
136 33962 17.395
137 31092 18.486
138 31222 18.045
139 25258 18.242
140 21804 16.591
141 20259 18.126
142 19948 17.654
143 24949 18.218
144 39846 16.821
145 18513 17.886
146 19848 17.452
147 27577 18.083
148 15117 16.210
149 24447 17.981
150 27020 17.645
151 26657 17.997
152 39913 17.228
153 18415 18.115
154 23208 17.484
155 27063 17.985
156 17414 16.106
157 23792 17.901
158 25390 17.345
159 26605 17.803
160 36071 17.014
161 20163 18.214
162 21706 17.661
163 26289 18.271
164 17967 16.097
165 26680 18.001
166 25273 17.326
167 28458 17.797
168 40956 16.468
169 17773 17.560
170 20899 17.118
171 29357 17.736
172 17640 15.873
173 21072 17.565
174 26928 17.184
175 27202 17.479
176 37044 16.866
177 17375 17.892
178 20351 17.490
179 25251 17.950
180 16711 15.924
181 22074 17.908
182 21737 17.424
183 28817 18.031
184 37949 16.901
185 19187 18.021
186 22014 17.603
187 32390 18.098
188 19346 15.924
189 26666 17.625
190 31320 17.116
191 28753 17.545
192 37178 16.615
193 16825 17.433
194 20138 17.160
195 25551 17.705
196 18844 15.893
197 28444 17.654
198 29137 17.185
199 29780 17.402
200 40417 16.762
201 15321 17.417
202 17017 16.922
203 25800 17.535
204 18746 15.643
205 22729 17.192
206 24906 16.714
207 25667 17.119
208 34738 16.713
209 17586 17.672
210 21554 17.140
211 28412 17.807
212 18593 15.808
213 22661 17.367
214 21586 16.800
215 26892 17.444
216 40731 16.334
217 15508 17.150
218 16355 16.770
219 24984 17.434
220 14581 15.724
221 22012 17.457
222 24224 16.985
223 24945 17.424
224 37601 16.513
225 18979 17.723
226 19953 17.261
227 31804 17.921
228 19982 15.813
229 24466 17.581
230 23537 17.052
231 27110 17.505
232 29206 17.041
233 20222 18.064
234 26210 17.599
235 27659 18.039
236 17395 16.027
237 20575 17.960
238 19408 17.420
239 24707 17.954
240 39897 16.723
241 16938 17.733
242 17812 17.255
243 23820 17.968
244 13201 16.079
245 24636 18.091
246 23737 17.290
247 28304 18.024
248 33023 16.882
249 23285 18.312
250 20478 17.680
251 25795 18.331
252 15897 16.090
253 26007 18.185
254 26679 17.647
255 30188 18.198
256 36348 16.992
257 19290 18.258
258 20148 17.806
259 28408 18.437
260 16597 16.386
261 24206 18.151
262 25887 17.736
263 28850 18.054
264 35354 16.735
265 20394 17.854
266 25730 17.621
267 25171 18.007
268 18622 16.184
269 25134 17.861
270 24677 17.315
271 28070 17.793
272 38980 17.211
273 19235 18.116
274 19975 17.502
275 26059 17.998
276 18455 15.835
277 25052 17.825
278 22849 17.304
279 26555 17.825
280 37528 17.345
281 18956 18.238
282 23328 17.656
283 27314 18.314
284 16445 16.164
285 24724 18.014
286 25352 17.411
287 26546 18.029
288 39290 16.982
289 19049 18.069
290 18129 17.543
291 27069 18.217
292 15393 16.222
293 24695 18.091
294 23260 17.546
295 28516 18.014
296 37097 17.264
297 18748 18.310
298 21197 17.799
299 30228 18.432
300 20458 16.250
301 25671 18.106
302 29914 17.661
303 29129 18.104
304 34447 17.419
305 16953 18.393
306 19777 17.726
307 26000 18.432
308 15937 16.360
309 23844 18.361
310 21769 17.826
311 26861 18.528
312 33330 17.310
313 18237 18.512
314 22975 18.054
315 31427 18.816
316 18022 16.612
317 27122 18.590
318 25947 18.078
319 29453 18.710
320 35643 17.983
321 19511 18.845
322 21482 18.242
323 26780 18.972
324 18898 16.272
325 25085 18.410
326 23939 17.862
327 26269 18.484
328 31853 17.888
329 19246 18.854
330 19433 18.237
331 26752 18.831
332 16493 16.659
333 26506 18.675
334 26531 18.024
335 30249 18.617
336 35817 17.907
337 19137 18.843
338 21392 18.275
339 27888 18.959
340 16891 16.785
341 25924 18.802
342 25247 18.182
343 25868 18.766
344 36270 18.138
345 17605 19.000
346 17643 18.446
347 27032 19.181
348 15365 16.845
349 27142 19.050
350 24175 18.305
351 29877 18.970
352 35536 18.109
353 20130 19.157
354 23696 18.620
355 30300 19.233
356 16170 17.044
357 23227 18.889
358 22714 18.488
359 28092 19.042
360 34618 18.401
361 17138 19.242
362 19037 18.883
363 26305 19.392
364 15792 17.342
365 25973 19.248
366 24524 18.917
367 28462 19.294
368 35460 18.686
369 20281 19.587
370 21726 19.121
371 27447 19.510
372 20171 17.281
373 25553 19.478
374 28263 19.063
375 27622 19.428
376 31573 19.021
377 19374 19.860
378 21305 19.395
379 27707 20.014
380 15312 17.648
381 25586 19.812
382 23280 19.151
383 27047 19.781
384 33270 19.486
385 16579 20.382
386 16939 19.856
387 27628 20.515
388 15460 18.136
389 28286 20.339
390 28592 19.825
391 34569 20.541
392 34138 19.602
393 19385 20.484
394 22533 20.209
395 30408 20.675
396 17738 17.463
397 28105 19.530
398 28957 19.297
399 29920 19.610
400 36225 19.211
401 19580 19.864
402 23864 19.497
403 28928 19.844
404 17560 17.658
405 26025 19.276
406 29269 19.076
407 29386 19.303
408 31702 18.739
409 20786 19.551
410 29409 19.035
411 32704 19.600
412 21070 17.337
413 27442 19.144
414 27109 18.645
415 31036 18.938
416 37188 19.160
417 15186 19.409
418 19420 18.988
419 25355 19.377
420 16601 17.269
421 23981 19.071
422 23531 18.612
423 27789 19.068
424 37406 19.066
425 18147 19.462
426 24614 19.033
427 29877 19.424
428 17627 17.751
429 25489 19.895
430 24907 19.331
431 27512 19.831
432 34632 19.458
433 15211 20.523
434 18519 19.771
435 26915 20.324
436 15220 18.342
437 20187 20.458
438 20235 20.344
439 18897 21.242
440 26266 21.045
441 14033 22.202
442 13099 21.821
443 18523 22.667
444 10642 19.754
445 24500 22.815
446 20896 22.538
447 22183 23.094
448 23975 22.487
449 17829 23.540
450 17275 22.453
451 23034 23.193
452 11433 20.427
453 28813 22.789
454 26583 21.950
455 31298 22.488
456 37108 21.269
457 31793 22.192
458 34928 21.253
459 34746 21.498
460 22818 18.791
461 29814 20.876
462 31300 20.382
463 32573 20.657
464 40839 20.879
465 18867 20.901
466 24043 20.366
467 29934 20.585
468 18532 18.181
469 31550 20.209
470 30362 19.761
471 29343 19.950
472 43626 20.466
473 16036 20.373
474 20690 19.878
475 26996 20.115
476 15997 18.229
477 29651 20.105
478 27112 19.416
479 28253 19.597
480 40934 20.165
481 16163 20.161
482 20457 19.947
483 32307 20.518
484 19714 18.236
485 29314 19.826
486 31491 19.514
487 29058 19.436
488 33614 20.760
489 17495 20.823
490 29123 19.558
491 32285 19.690
492 25567 17.608
493 26461 19.214
494 24649 18.883
495 27810 19.280
496 42538 20.196
497 15514 20.006
498 21500 19.454
499 29418 19.728
500 17952 17.592
501 28251 19.170
502 29645 18.969
503 29563 18.861
504 45738 19.517
505 18050 19.291
506 23776 18.711
507 31306 18.736
508 21571 17.052
509 26544 18.523
510 26440 18.068
511 28773 18.435
512 44980 19.146
513 13740 18.846
514 19631 18.418
515 25068 18.559
516 20355 16.732
517 21788 18.011
518 24593 17.675
519 28098 18.137
520 38337 19.114
521 21231 18.785
522 24741 17.989
523 27303 18.258
524 21283 16.428
525 23151 17.946
526 23778 17.458
527 26265 17.778
528 47483 18.425
529 11311 18.369
530 12795 17.740
531 21099 18.197
532 14234 16.518
533 21577 18.055
534 20642 17.392
535 27116 17.980
536 40658 18.920
537 16092 19.162
538 19664 18.134
539 26335 18.653
540 17480 16.404
541 26486 18.500
542 22049 17.396
543 28000 18.253
544 35335 18.652
545 17429 19.007
546 18339 17.885
547 31022 18.475
548 20967 16.017
549 26636 18.194
550 22852 17.276
551 30660 18.139
552 44879 18.010
553 14858 18.359
554 15536 17.616
555 27945 18.223
556 15443 16.159
557 25952 18.055
558 23422 17.552
559 30476 18.263
560 34837 18.396
561 13817 18.952
562 19670 17.864
563 29973 18.446
564 20514 15.950
565 27357 18.105
566 23465 17.230
567 31082 18.010
568 43013 18.379
569 15920 18.628
570 16383 17.952
571 23723 18.425
572 14031 16.240
573 26008 18.320
574 22895 17.510
575 29014 18.218
576 38422 18.236
577 22439 18.789
578 21066 17.749
579 27065 18.442
580 15919 16.226
581 26325 18.224
582 23121 17.461
583 30097 18.211
584 42165 18.142
585 18948 18.657
586 18166 17.794
587 27128 18.386
588 17369 15.415
589 26924 17.763
590 22465 16.974
591 31644 17.860
592 33642 17.928
593 21748 18.576
594 20935 18.267
595 29017 18.791
596 17480 16.239
597 22902 18.429
598 23542 17.404
599 28700 18.214
600 40570 17.623
601 17768 18.135
602 18762 17.329
603 28667 18.093
604 16446 15.976
605 25822 17.962
606 21452 17.115
607 29286 17.914
608 37723 17.747
609 19000 18.418
610 16199 17.331
611 33204 18.117
612 19885 15.809
613 30473 18.059
614 26489 17.090
615 30560 17.948
616 36816 17.725
617 15736 18.117
618 17287 17.381
619 25607 17.878
620 16268 15.930
621 21099 17.772
622 20783 17.334
623 26556 17.992
624 36636 17.392
625 17150 18.192
626 17753 17.557
627 25564 18.144
628 16019 15.907
629 27415 17.984
630 26246 17.640
631 29633 18.594
632 32941 18.447
633 16239 18.992
634 20246 18.301
635 30645 18.423
636 19651 15.850
637 30413 17.974
638 30503 17.596
639 31272 18.014
640 38564 18.155
641 17458 18.787
642 19360 18.084
643 26702 18.716
644 17419 16.659
645 25404 18.674
646 26851 18.231
647 28209 18.692
648 36287 18.408
649 23747 18.897
650 24454 17.887
651 29896 18.423
652 20886 16.085
653 27451 18.404
654 23022 17.448
655 29229 18.293
656 44811 18.501
657 13310 18.462
658 16132 17.687
659 24684 18.340
660 17154 15.718
661 27023 17.968
662 25894 16.998
663 34092 18.145
664 37844 18.220
665 23657 18.150
666 25972 16.981
667 33049 17.802
668 24466 15.284
669 25236 17.154
670 26894 16.562
671 32343 17.217
672 42498 18.032
673 11576 17.683
674 15994 16.996
675 24903 17.811
676 17686 15.877
677 18924 17.476
678 16255 16.820
679 22757 17.814
680 35156 18.472
681 19243 18.496
682 21172 16.882
683 26028 17.985
684 17134 16.021
685 27515 18.029
686 21393 17.099
687 29566 18.142
688 40817 18.542
689 14547 18.461
690 14885 17.733
691 23700 18.191
692 17365 16.034
693 24112 17.914
694 23489 17.143
695 25367 18.023
696 38085 18.232
697 13824 18.686
698 14659 17.886
699 24044 18.554
700 13994 16.381
701 26859 18.559
702 24834 17.635
703 33376 18.598
704 35329 18.519
705 26042 19.015
706 25438 17.673
707 32053 18.624
708 20249 15.978
709 30045 18.457
710 22513 17.216
711 31615 18.444
712 36266 18.313
713 12900 18.802
714 15649 17.874
715 24603 18.543
716 16982 15.985
717 30097 18.388
718 24926 17.517
719 31614 18.416
720 39000 18.352
721 17778 18.981
722 19373 18.058
723 29437 18.768
724 18267 16.028
725 32979 18.546
726 28236 17.515
727 31273 18.383
728 40079 18.115
729 19873 18.256
730 21470 17.553
731 24166 17.909
732 17588 15.345
733 21286 17.210
734 20659 16.894
735 25205 17.559
736 38818 18.013
737 14134 18.333
738 16160 17.773
739 23616 18.334
740 13663 16.394
741 28772 18.210
742 28451 17.360
743 33339 18.309
744 35428 17.850
745 17695 18.515
746 19934 17.644
747 31714 18.432
748 19216 16.000
749 29001 18.273
750 24003 17.278
751 30063 18.205
752 40470 17.952
753 14792 18.231
754 18100 17.368
755 25517 17.958
756 14781 15.907
757 24678 18.073
758 24480 17.331
759 30742 18.149
760 32594 18.297
761 28261 18.787
762 25020 17.951
763 26746 18.609
764 18264 16.518
765 22859 18.464
766 20044 17.762
767 23053 18.568
768 33961 18.625
769 17420 19.228
770 16845 18.511
771 23149 19.182
772 14445 17.046
773 22336 18.913
774 20840 18.410
775 24509 19.112
776 32580 18.967
777 19048 19.708
778 22478 19.098
779 29327 19.591
780 17277 16.707
781 25471 19.051
782 24473 18.557
783 26533 19.056
784 36613 19.190
785 17678 19.576
786 21677 19.075
787 22337 19.575
788 13939 17.374
789 24106 19.395
790 21734 18.774
791 26363 19.375
792 36261 19.251
793 20681 19.808
794 25050 18.989
795 31415 19.574
796 22247 16.550
797 36731 18.901
798 32560 18.182
799 31609 18.922
800 34877 18.883
801 21132 19.039
802 29499 17.687
803 39003 18.301
804 27816 15.548
805 27390 17.514
806 23710 17.125
807 22005 17.412
808 47841 18.360
809 12834 18.344
810 15655 17.714
811 21622 18.109
812 12264 16.074
813 25551 18.014
814 25106 17.540
815 24033 17.993
816 48984 17.453
817 13158 17.802
818 18053 17.057
819 26946 17.679
820 15715 15.456
821 27600 17.467
822 23211 16.697
823 30632 17.550
824 46898 16.920
825 13231 17.552
826 14985 16.594
827 22410 17.359
828 14116 15.328
829 25161 17.284
830 21001 16.575
831 33133 17.282
832 38277 16.733
833 18570 17.738
834 24653 16.770
835 31583 17.691
836 17970 15.350
837 31488 17.630
838 30114 16.281
839 33902 17.201
840 50522 16.324
841 11273 16.713
842 12582 16.181
843 21493 16.804
844 12890 15.293
845 21531 16.649
846 16273 16.173
847 25290 16.842
848 44328 16.126
849 15965 17.042
850 17081 16.139
851 28965 16.959
852 18438 15.241
853 24670 16.981
854 22850 16.123
855 30841 17.052
856 39882 16.181
857 18989 17.317
858 23361 16.345
859 28990 17.366
860 18204 15.319
861 26657 17.240
862 23283 16.139
863 28140 17.216
864 49124 15.833
865 17094 16.791
866 13949 15.810
867 24770 16.809
868 17988 15.204
869 26019 16.847
870 22912 15.943
871 32416 16.896
872 45334 15.550
873 16604 16.522
874 13677 15.723
875 26272 16.724
876 16611 14.667
877 20081 16.376
878 19529 15.689
879 27357 16.600
880 42860 15.522
881 18138 16.762
882 14148 15.862
883 25098 16.808
884 17140 14.934
885 24931 16.682
886 23323 15.739
887 28614 16.724
888 38515 15.405
889 22008 17.201
890 25665 15.937
891 34243 17.095
892 22393 14.744
893 30399 17.005
894 22935 15.788
895 32556 16.912
896 38794 15.700
897 14122 16.838
898 12755 16.094
899 22435 16.860
