8
0 12295 12.292
1 15971 15.220
2 17857 15.423
3 18180 15.851
4 19688 15.366
5 15878 16.384
6 19205 16.170
7 23784 16.960
8 14694 13.156
9 28883 17.026
10 24464 16.398
11 19112 17.206
12 22345 15.909
13 20299 17.628
14 20775 16.879
15 27022 17.986
16 15616 13.870
17 30763 18.174
18 25924 17.520
19 37257 18.212
20 23133 16.884
21 24758 18.409
22 23350 17.961
23 29101 18.848
24 16614 14.493
25 30894 18.553
26 30293 18.100
27 44438 18.701
28 31702 16.906
29 34489 18.345
30 32394 18.179
31 33299 18.338
32 21807 14.747
33 33624 18.393
34 40105 18.298
35 31374 18.413
36 28627 17.088
37 25909 18.329
38 29212 18.201
39 34323 18.526
40 23137 14.906
41 35022 18.482
42 35846 18.260
43 31780 18.651
44 27262 17.232
45 24728 18.520
46 31099 18.320
47 34990 18.640
48 22460 15.301
49 34265 18.680
50 36597 18.689
51 33344 18.765
52 31243 17.518
53 29523 18.579
54 36682 18.532
55 32741 18.555
56 24522 15.206
57 32299 18.632
58 34925 18.634
59 34354 18.727
60 32520 17.490
61 32032 18.635
62 38369 18.590
63 26891 18.512
64 20832 15.810
65 31540 18.717
66 35509 18.386
67 29424 18.771
68 31825 17.748
69 28453 18.667
70 31860 18.398
71 30257 18.631
72 25468 15.616
73 35085 18.700
74 36183 18.414
75 31280 18.754
76 34370 17.601
77 24370 18.621
78 28701 18.440
79 32766 18.655
80 27834 15.742
81 33059 18.600
82 38204 18.565
83 32803 18.644
84 34758 17.618
85 24604 18.575
86 31486 18.187
87 31141 18.479
88 21781 15.863
89 44815 18.670
90 37253 18.366
91 31055 18.345
92 31324 17.750
93 18762 18.459
94 33257 18.271
95 31522 18.640
96 28727 15.632
97 30917 18.359
98 28937 17.951
99 33155 18.488
100 29669 17.699
101 19277 18.341
102 28833 18.307
103 31376 18.487
104 27386 15.764
105 30580 18.484
106 35844 18.382
107 29908 18.520
108 34713 17.554
109 25971 18.433
110 30340 18.146
111 25799 18.423
112 28665 15.758
113 32737 18.682
114 30560 18.141
115 31273 18.461
116 32427 17.879
117 29973 18.797
118 30195 18.470
119 23205 18.692
120 28570 15.540
121 31030 18.437
122 30170 17.991
123 30882 18.673
124 28007 17.619
125 27198 18.536
126 28776 18.461
127 30505 18.811
128 28388 15.891
129 29664 18.911
130 36782 18.525
131 36341 18.985
132 33197 18.154
133 19212 18.868
134 27196 18.368
135 36549 18.826
136 29098 15.760
137 28782 18.545
138 32000 18.481
139 28533 18.662
140 33353 18.100
141 19510 18.850
142 22232 18.533
143 33595 19.452
144 24765 16.028
145 34361 18.974
146 35960 18.632
147 30272 18.785
148 31286 18.126
149 23340 18.842
150 33122 18.657
151 29445 18.949
152 26325 16.220
153 30455 18.941
154 32846 18.560
155 32862 18.990
156 30892 18.155
157 19155 18.854
158 23801 18.597
159 37315 19.407
160 25418 16.437
161 30236 19.154
162 27761 18.854
163 30858 19.176
164 36546 18.380
165 27214 18.851
166 32096 18.713
167 36749 18.916
168 30590 15.603
169 28580 18.130
170 41524 18.199
171 32408 18.345
172 37251 17.719
173 34459 18.098
174 33858 18.050
175 32192 17.995
176 28418 16.019
177 26643 18.027
178 30462 18.140
179 29189 18.092
180 42278 17.962
181 16280 18.283
182 28390 18.099
183 28639 18.300
184 29417 16.055
185 30710 18.269
186 33647 17.979
187 32542 18.132
188 31979 17.575
189 25347 18.102
190 30210 17.866
191 29127 17.964
192 31274 15.592
193 27849 17.706
194 27689 17.585
195 32889 17.980
196 31882 17.383
197 22770 17.998
198 28990 17.906
199 30508 18.084
200 25222 16.462
201 27314 18.200
202 35618 18.021
203 32025 18.222
204 29787 17.754
205 28200 18.234
206 34221 17.759
207 32072 18.075
208 31836 16.280
209 20021 17.739
210 26277 17.513
211 30461 17.920
212 33858 17.575
213 19928 18.053
214 21936 17.644
215 35046 18.117
216 30760 15.823
217 23279 17.556
218 24139 17.434
219 29094 17.854
220 31182 17.167
221 24200 17.907
222 28809 17.643
223 29478 18.028
224 30070 16.123
225 30812 17.955
226 31563 17.775
227 31362 17.848
228 33425 17.013
229 29681 17.643
230 28280 17.392
231 28761 17.449
232 29773 15.889
233 20258 17.620
234 24626 17.595
235 29749 17.905
236 25539 16.996
237 19902 17.966
238 21858 17.651
239 25281 18.061
240 30971 15.320
241 25009 17.552
242 27388 17.494
243 33161 17.873
244 25078 16.862
245 28178 17.940
246 30057 17.620
247 26475 17.836
248 27783 15.618
249 29098 17.900
250 29742 17.673
251 25774 18.036
252 27170 16.946
253 22749 18.067
254 23405 17.753
255 29893 18.215
256 26131 15.883
257 34128 18.523
258 26845 18.342
259 27629 18.398
260 25507 17.236
261 26307 18.524
262 27007 18.247
263 27230 18.501
264 29026 15.545
265 33144 18.302
266 32092 18.012
267 25362 18.257
268 24898 17.001
269 27191 18.548
270 29916 18.166
271 33268 18.568
272 26043 16.038
273 24389 18.469
274 27161 18.348
275 31432 18.726
276 32473 17.091
277 22524 18.313
278 24711 18.148
279 30565 18.511
280 29740 15.952
281 29767 18.552
282 31695 18.245
283 31836 18.668
284 23932 17.150
285 34649 18.652
286 35915 18.618
287 32548 18.870
288 22275 16.142
289 36495 18.456
290 36176 18.373
291 31358 18.570
292 33676 17.679
293 19700 18.427
294 23175 18.216
295 28638 18.429
296 28468 16.478
297 24994 18.692
298 27389 18.566
299 29236 18.969
300 27342 17.600
301 34751 18.816
302 29651 18.429
303 27197 18.543
304 28357 16.363
305 27912 18.770
306 31385 18.464
307 31272 18.865
308 26542 17.552
309 23592 18.725
310 23476 18.421
311 32996 18.832
312 22881 16.967
313 30989 19.161
314 35854 19.072
315 29981 19.169
316 32306 17.879
317 22332 18.946
318 25717 18.703
319 28437 18.993
320 29832 16.504
321 31459 18.841
322 31334 18.543
323 29912 18.875
324 27088 17.566
325 25394 18.813
326 32018 18.691
327 37281 19.129
328 29362 16.551
329 29184 18.901
330 28925 18.642
331 33853 18.922
332 27256 17.734
333 23076 18.763
334 26903 18.583
335 27207 18.871
336 28423 16.365
337 29216 18.982
338 31728 18.694
339 33450 19.092
340 28691 17.569
341 29378 18.844
342 34409 18.736
343 33312 18.795
344 26209 16.609
345 28983 18.854
346 36045 18.613
347 29206 18.954
348 30828 17.658
349 22305 18.786
350 22823 18.461
351 33270 19.039
352 29763 16.444
353 27542 18.834
354 27985 18.540
355 35273 18.834
356 25722 17.896
357 23919 18.970
358 29483 18.937
359 29307 19.038
360 30049 16.432
361 31494 18.875
362 33949 18.829
363 28974 19.061
364 26889 17.817
365 21725 18.870
366 28092 18.716
367 27771 19.258
368 21805 16.938
369 39745 19.418
370 42497 19.052
371 35768 19.131
372 32801 18.045
373 25936 18.990
374 25102 18.534
375 29102 18.945
376 28635 16.948
377 25806 19.115
378 25186 18.740
379 27930 19.156
380 25246 18.065
381 25055 19.116
382 31405 18.955
383 37257 19.223
384 29356 16.710
385 29477 19.111
386 30295 18.803
387 30594 19.061
388 30132 18.000
389 22290 18.977
390 25273 18.767
391 33705 19.233
392 31519 16.583
393 27155 18.881
394 32237 18.871
395 29680 19.146
396 29889 18.003
397 34364 19.084
398 33532 18.722
399 32477 18.990
400 25279 16.828
401 31760 18.858
402 32668 18.819
403 24726 18.965
404 30248 18.234
405 20221 19.104
406 22245 18.852
407 30716 19.388
408 33551 16.380
409 28394 18.758
410 33172 18.596
411 38508 18.933
412 27459 17.727
413 20536 18.691
414 27914 18.626
415 27405 18.883
416 32578 16.562
417 27003 18.925
418 28182 18.645
419 27400 18.979
420 26370 17.714
421 26255 18.877
422 28139 18.599
423 37249 19.141
424 26057 16.846
425 32519 19.243
426 32679 19.190
427 31723 19.133
428 28285 18.033
429 27113 19.054
430 34423 18.731
431 33260 18.974
432 35021 15.963
433 26742 18.109
434 29272 18.088
435 26664 18.305
436 25984 17.482
437 24358 18.514
438 28782 18.293
439 32436 18.668
440 31790 16.244
441 27888 18.494
442 30268 18.321
443 31671 18.490
444 30218 17.281
445 21917 18.262
446 24664 18.167
447 26248 18.549
448 28667 15.931
449 27904 18.605
450 28277 18.320
451 32539 18.634
452 25849 17.632
453 21351 18.805
454 26443 18.498
455 29893 19.051
456 26495 15.848
457 38290 18.633
458 36921 18.348
459 28780 18.476
460 30692 17.209
461 22557 18.335
462 27632 18.162
463 25564 18.461
464 29272 15.918
465 34739 19.021
466 33319 18.440
467 32798 18.708
468 26369 17.499
469 27690 18.739
470 25354 18.357
471 29365 18.704
472 29744 15.993
473 29880 18.630
474 32007 18.343
475 27835 18.717
476 24896 17.521
477 26302 18.745
478 35694 18.468
479 36715 18.709
480 26710 16.063
481 26293 18.585
482 29357 18.266
483 28188 18.798
484 27261 17.671
485 24016 18.775
486 21564 18.492
487 31220 19.123
488 28651 16.218
489 29414 19.067
490 33609 18.759
491 30620 19.145
492 31021 17.685
493 32257 19.028
494 32193 18.467
495 31852 18.808
496 30675 16.179
497 31671 18.845
498 29847 18.429
499 29217 18.892
500 28469 17.653
501 22549 18.769
502 25517 18.403
503 31818 18.827
504 33802 15.774
505 30436 18.417
506 35769 18.031
507 38448 18.586
508 29276 17.271
509 27666 18.335
510 29895 18.221
511 28999 18.410
512 30682 16.192
513 24910 18.485
514 27219 18.434
515 25858 18.779
516 25539 17.695
517 23597 18.750
518 26377 18.523
519 30564 18.960
520 28996 16.024
521 37703 18.765
522 36517 18.353
523 33132 18.503
524 27833 18.057
525 28060 19.161
526 35662 18.787
527 31278 18.874
528 30315 16.025
529 24735 18.265
530 27529 18.217
531 26615 18.558
532 28360 17.608
533 29035 18.483
534 27947 18.233
535 31099 18.512
536 26141 16.051
537 29682 18.485
538 32840 18.297
539 29938 18.502
540 35766 17.430
541 18746 18.317
542 25598 18.096
543 28399 18.588
544 31154 16.105
545 30775 18.629
546 28371 18.150
547 32622 18.524
548 26434 17.267
549 25277 18.333
550 27119 18.121
551 28652 18.540
552 30458 15.645
553 26730 18.160
554 28500 17.884
555 29403 18.446
556 24207 17.248
557 25186 18.545
558 26370 18.149
559 31455 18.784
560 25037 15.904
561 30037 18.806
562 29225 18.587
563 29158 19.125
564 27969 17.334
565 30996 18.954
566 31415 18.471
567 37110 18.913
568 29158 16.160
569 26269 18.593
570 27514 18.363
571 28038 18.852
572 26783 17.488
573 25757 18.952
574 27227 18.514
575 33420 18.857
576 23411 16.128
577 43571 18.772
578 32538 18.335
579 29755 18.481
580 30787 17.214
581 24878 18.207
582 31773 18.083
583 22044 18.291
584 27510 15.785
585 25869 18.304
586 26333 18.091
587 31325 18.637
588 22165 17.086
589 35872 18.513
590 32958 18.123
591 28592 18.581
592 27614 15.572
593 28740 18.471
594 25538 17.980
595 28705 18.573
596 21440 17.205
597 24529 18.508
598 23415 18.280
599 29824 18.577
600 27657 15.276
601 33408 18.242
602 38740 18.410
603 35825 18.498
604 27039 17.313
605 29664 18.523
606 25905 18.279
607 33138 18.477
608 27448 15.548
609 28500 18.605
610 30392 18.614
611 26715 18.705
612 30366 17.146
613 21584 18.331
614 25621 18.405
615 35190 18.357
616 21947 15.898
617 30392 18.696
618 30994 18.701
619 26826 18.765
620 25351 17.733
621 24861 18.705
622 32003 18.709
623 31852 18.974
624 27694 15.554
625 29209 18.186
626 30032 18.268
627 27281 18.430
628 26966 17.505
629 30992 18.779
630 29245 18.491
631 30268 18.791
632 22067 16.379
633 32282 19.110
634 36028 19.005
635 30326 18.801
636 29339 17.949
637 24044 18.771
638 29406 18.724
639 23026 18.990
640 25388 16.472
641 31158 19.913
642 32161 19.293
643 31927 19.976
644 24922 18.437
645 36819 19.784
646 27042 19.224
647 26158 19.301
648 24994 16.193
649 33825 18.837
650 36628 18.927
651 27333 19.133
652 32025 18.177
653 31345 19.049
